#-----------------------------------------------------------
# Vivado v2019.2 (64-bit)
# SW Build 2708876 on Wed Nov  6 21:40:23 MST 2019
# IP Build 2700528 on Thu Nov  7 00:09:20 MST 2019
# Start of session at: Fri Mar 27 23:00:55 2020
# Process ID: 13976
# Current directory: C:/Users/claus/source/semesterprojekt/VHDL/claus_playgground
# Command line: vivado.exe -gui_launcher_event rodinguilauncherevent7960 C:\Users\claus\source\semesterprojekt\VHDL\claus_playgground\claus_quadrature_decoder.xpr
# Log file: C:/Users/claus/source/semesterprojekt/VHDL/claus_playgground/vivado.log
# Journal file: C:/Users/claus/source/semesterprojekt/VHDL/claus_playgground\vivado.jou
#-----------------------------------------------------------
start_gui
open_project C:/Users/claus/source/semesterprojekt/VHDL/claus_playgground/claus_quadrature_decoder.xpr
INFO: [Project 1-313] Project file moved from 'C:/Users/claus/source/semesterprojekt/VHDL/claus_quadrature_decoder' since last save.
Scanning sources...
Finished scanning sources
INFO: [IP_Flow 19-234] Refreshing IP repositories
INFO: [IP_Flow 19-1704] No user IP repositories specified
INFO: [IP_Flow 19-2313] Loaded Vivado IP repository 'C:/Xilinx/Vivado/2019.2/data/ip'.
open_project: Time (s): cpu = 00:00:19 ; elapsed = 00:00:09 . Memory (MB): peak = 779.027 ; gain = 167.688
update_compile_order -fileset sources_1
save_project_as claus_playground C:/Users/claus/source/semesterprojekt/VHDL/claus_playgground/claus_playground -force
exit
INFO: [Common 17-206] Exiting Vivado at Fri Mar 27 23:02:37 2020...
