
*** Running vivado
    with args -log component_mapper.vds -m64 -product Vivado -mode batch -messageDb vivado.pb -notrace -source component_mapper.tcl


****** Vivado v2019.2 (64-bit)
  **** SW Build 2708876 on Wed Nov  6 21:40:23 MST 2019
  **** IP Build 2700528 on Thu Nov  7 00:09:20 MST 2019
    ** Copyright 1986-2019 Xilinx, Inc. All Rights Reserved.

source component_mapper.tcl -notrace
Command: synth_design -top component_mapper -part xc7a35tcpg236-1
Starting synth_design
Attempting to get a license for feature 'Synthesis' and/or device 'xc7a35t'
INFO: [Common 17-349] Got license for feature 'Synthesis' and/or device 'xc7a35t'
INFO: [Device 21-403] Loading part xc7a35tcpg236-1
INFO: Launching helper process for spawning children vivado processes
INFO: Helper process launched with PID 1172 
---------------------------------------------------------------------------------
Starting RTL Elaboration : Time (s): cpu = 00:00:06 ; elapsed = 00:00:06 . Memory (MB): peak = 833.910 ; gain = 232.855
---------------------------------------------------------------------------------
INFO: [Synth 8-638] synthesizing module 'component_mapper' [C:/Users/claus/source/semesterprojekt/VHDL/claus_quadrature_decoder/claus_quadrature_decoder.srcs/sources_1/new/component_mapper.vhd:42]
INFO: [Synth 8-3491] module 'quadratur_decoder' declared at 'C:/Users/claus/source/semesterprojekt/VHDL/claus_quadrature_decoder/claus_quadrature_decoder.srcs/sources_1/new/quadratur_decoder.vhd:37' bound to instance 'motor_feedback' of component 'quadratur_decoder' [C:/Users/claus/source/semesterprojekt/VHDL/claus_quadrature_decoder/claus_quadrature_decoder.srcs/sources_1/new/component_mapper.vhd:63]
INFO: [Synth 8-638] synthesizing module 'quadratur_decoder' [C:/Users/claus/source/semesterprojekt/VHDL/claus_quadrature_decoder/claus_quadrature_decoder.srcs/sources_1/new/quadratur_decoder.vhd:45]
INFO: [Synth 8-256] done synthesizing module 'quadratur_decoder' (1#1) [C:/Users/claus/source/semesterprojekt/VHDL/claus_quadrature_decoder/claus_quadrature_decoder.srcs/sources_1/new/quadratur_decoder.vhd:45]
INFO: [Synth 8-3491] module 'pwm_control' declared at 'C:/Users/claus/source/semesterprojekt/VHDL/claus_quadrature_decoder/claus_quadrature_decoder.srcs/sources_1/new/pwm_control.vhd:35' bound to instance 'motor_input' of component 'pwm_control' [C:/Users/claus/source/semesterprojekt/VHDL/claus_quadrature_decoder/claus_quadrature_decoder.srcs/sources_1/new/component_mapper.vhd:71]
INFO: [Synth 8-638] synthesizing module 'pwm_control' [C:/Users/claus/source/semesterprojekt/VHDL/claus_quadrature_decoder/claus_quadrature_decoder.srcs/sources_1/new/pwm_control.vhd:43]
INFO: [Synth 8-256] done synthesizing module 'pwm_control' (2#1) [C:/Users/claus/source/semesterprojekt/VHDL/claus_quadrature_decoder/claus_quadrature_decoder.srcs/sources_1/new/pwm_control.vhd:43]
INFO: [Synth 8-256] done synthesizing module 'component_mapper' (3#1) [C:/Users/claus/source/semesterprojekt/VHDL/claus_quadrature_decoder/claus_quadrature_decoder.srcs/sources_1/new/component_mapper.vhd:42]
WARNING: [Synth 8-3331] design component_mapper has unconnected port led[15]
WARNING: [Synth 8-3331] design component_mapper has unconnected port led[14]
WARNING: [Synth 8-3331] design component_mapper has unconnected port led[13]
WARNING: [Synth 8-3331] design component_mapper has unconnected port led[12]
WARNING: [Synth 8-3331] design component_mapper has unconnected port led[11]
WARNING: [Synth 8-3331] design component_mapper has unconnected port led[10]
WARNING: [Synth 8-3331] design component_mapper has unconnected port led[9]
WARNING: [Synth 8-3331] design component_mapper has unconnected port led[8]
WARNING: [Synth 8-3331] design component_mapper has unconnected port led[7]
WARNING: [Synth 8-3331] design component_mapper has unconnected port led[6]
WARNING: [Synth 8-3331] design component_mapper has unconnected port led[5]
WARNING: [Synth 8-3331] design component_mapper has unconnected port led[4]
WARNING: [Synth 8-3331] design component_mapper has unconnected port led[3]
WARNING: [Synth 8-3331] design component_mapper has unconnected port led[2]
WARNING: [Synth 8-3331] design component_mapper has unconnected port led[1]
---------------------------------------------------------------------------------
Finished RTL Elaboration : Time (s): cpu = 00:00:07 ; elapsed = 00:00:08 . Memory (MB): peak = 906.902 ; gain = 305.848
---------------------------------------------------------------------------------

Report Check Netlist: 
+------+------------------+-------+---------+-------+------------------+
|      |Item              |Errors |Warnings |Status |Description       |
+------+------------------+-------+---------+-------+------------------+
|1     |multi_driven_nets |      0|        0|Passed |Multi driven nets |
+------+------------------+-------+---------+-------+------------------+
---------------------------------------------------------------------------------
Start Handling Custom Attributes
---------------------------------------------------------------------------------
---------------------------------------------------------------------------------
Finished Handling Custom Attributes : Time (s): cpu = 00:00:07 ; elapsed = 00:00:08 . Memory (MB): peak = 906.902 ; gain = 305.848
---------------------------------------------------------------------------------
---------------------------------------------------------------------------------
Finished RTL Optimization Phase 1 : Time (s): cpu = 00:00:07 ; elapsed = 00:00:08 . Memory (MB): peak = 906.902 ; gain = 305.848
---------------------------------------------------------------------------------
Netlist sorting complete. Time (s): cpu = 00:00:00 ; elapsed = 00:00:00.002 . Memory (MB): peak = 906.902 ; gain = 0.000
INFO: [Project 1-570] Preparing netlist for logic optimization

Processing XDC Constraints
Initializing timing engine
Parsing XDC File [C:/Users/claus/source/semesterprojekt/VHDL/claus_quadrature_decoder/claus_quadrature_decoder.srcs/constrs_1/new/basys3_master.xdc]
WARNING: [Vivado 12-584] No ports matched 'sw[0]'. [C:/Users/claus/source/semesterprojekt/VHDL/claus_quadrature_decoder/claus_quadrature_decoder.srcs/constrs_1/new/basys3_master.xdc:12]
CRITICAL WARNING: [Common 17-55] 'set_property' expects at least one object. [C:/Users/claus/source/semesterprojekt/VHDL/claus_quadrature_decoder/claus_quadrature_decoder.srcs/constrs_1/new/basys3_master.xdc:12]
Resolution: If [get_<value>] was used to populate the object, check to make sure this command returns at least one valid object.
WARNING: [Vivado 12-584] No ports matched 'sw[0]'. [C:/Users/claus/source/semesterprojekt/VHDL/claus_quadrature_decoder/claus_quadrature_decoder.srcs/constrs_1/new/basys3_master.xdc:13]
CRITICAL WARNING: [Common 17-55] 'set_property' expects at least one object. [C:/Users/claus/source/semesterprojekt/VHDL/claus_quadrature_decoder/claus_quadrature_decoder.srcs/constrs_1/new/basys3_master.xdc:13]
Resolution: If [get_<value>] was used to populate the object, check to make sure this command returns at least one valid object.
WARNING: [Vivado 12-584] No ports matched 'sw[1]'. [C:/Users/claus/source/semesterprojekt/VHDL/claus_quadrature_decoder/claus_quadrature_decoder.srcs/constrs_1/new/basys3_master.xdc:14]
CRITICAL WARNING: [Common 17-55] 'set_property' expects at least one object. [C:/Users/claus/source/semesterprojekt/VHDL/claus_quadrature_decoder/claus_quadrature_decoder.srcs/constrs_1/new/basys3_master.xdc:14]
Resolution: If [get_<value>] was used to populate the object, check to make sure this command returns at least one valid object.
WARNING: [Vivado 12-584] No ports matched 'sw[1]'. [C:/Users/claus/source/semesterprojekt/VHDL/claus_quadrature_decoder/claus_quadrature_decoder.srcs/constrs_1/new/basys3_master.xdc:15]
CRITICAL WARNING: [Common 17-55] 'set_property' expects at least one object. [C:/Users/claus/source/semesterprojekt/VHDL/claus_quadrature_decoder/claus_quadrature_decoder.srcs/constrs_1/new/basys3_master.xdc:15]
Resolution: If [get_<value>] was used to populate the object, check to make sure this command returns at least one valid object.
WARNING: [Vivado 12-584] No ports matched 'sw[2]'. [C:/Users/claus/source/semesterprojekt/VHDL/claus_quadrature_decoder/claus_quadrature_decoder.srcs/constrs_1/new/basys3_master.xdc:16]
CRITICAL WARNING: [Common 17-55] 'set_property' expects at least one object. [C:/Users/claus/source/semesterprojekt/VHDL/claus_quadrature_decoder/claus_quadrature_decoder.srcs/constrs_1/new/basys3_master.xdc:16]
Resolution: If [get_<value>] was used to populate the object, check to make sure this command returns at least one valid object.
WARNING: [Vivado 12-584] No ports matched 'sw[2]'. [C:/Users/claus/source/semesterprojekt/VHDL/claus_quadrature_decoder/claus_quadrature_decoder.srcs/constrs_1/new/basys3_master.xdc:17]
CRITICAL WARNING: [Common 17-55] 'set_property' expects at least one object. [C:/Users/claus/source/semesterprojekt/VHDL/claus_quadrature_decoder/claus_quadrature_decoder.srcs/constrs_1/new/basys3_master.xdc:17]
Resolution: If [get_<value>] was used to populate the object, check to make sure this command returns at least one valid object.
WARNING: [Vivado 12-584] No ports matched 'sw[3]'. [C:/Users/claus/source/semesterprojekt/VHDL/claus_quadrature_decoder/claus_quadrature_decoder.srcs/constrs_1/new/basys3_master.xdc:18]
CRITICAL WARNING: [Common 17-55] 'set_property' expects at least one object. [C:/Users/claus/source/semesterprojekt/VHDL/claus_quadrature_decoder/claus_quadrature_decoder.srcs/constrs_1/new/basys3_master.xdc:18]
Resolution: If [get_<value>] was used to populate the object, check to make sure this command returns at least one valid object.
WARNING: [Vivado 12-584] No ports matched 'sw[3]'. [C:/Users/claus/source/semesterprojekt/VHDL/claus_quadrature_decoder/claus_quadrature_decoder.srcs/constrs_1/new/basys3_master.xdc:19]
CRITICAL WARNING: [Common 17-55] 'set_property' expects at least one object. [C:/Users/claus/source/semesterprojekt/VHDL/claus_quadrature_decoder/claus_quadrature_decoder.srcs/constrs_1/new/basys3_master.xdc:19]
Resolution: If [get_<value>] was used to populate the object, check to make sure this command returns at least one valid object.
WARNING: [Vivado 12-584] No ports matched 'sw[4]'. [C:/Users/claus/source/semesterprojekt/VHDL/claus_quadrature_decoder/claus_quadrature_decoder.srcs/constrs_1/new/basys3_master.xdc:20]
CRITICAL WARNING: [Common 17-55] 'set_property' expects at least one object. [C:/Users/claus/source/semesterprojekt/VHDL/claus_quadrature_decoder/claus_quadrature_decoder.srcs/constrs_1/new/basys3_master.xdc:20]
Resolution: If [get_<value>] was used to populate the object, check to make sure this command returns at least one valid object.
WARNING: [Vivado 12-584] No ports matched 'sw[4]'. [C:/Users/claus/source/semesterprojekt/VHDL/claus_quadrature_decoder/claus_quadrature_decoder.srcs/constrs_1/new/basys3_master.xdc:21]
CRITICAL WARNING: [Common 17-55] 'set_property' expects at least one object. [C:/Users/claus/source/semesterprojekt/VHDL/claus_quadrature_decoder/claus_quadrature_decoder.srcs/constrs_1/new/basys3_master.xdc:21]
Resolution: If [get_<value>] was used to populate the object, check to make sure this command returns at least one valid object.
WARNING: [Vivado 12-584] No ports matched 'sw[5]'. [C:/Users/claus/source/semesterprojekt/VHDL/claus_quadrature_decoder/claus_quadrature_decoder.srcs/constrs_1/new/basys3_master.xdc:22]
CRITICAL WARNING: [Common 17-55] 'set_property' expects at least one object. [C:/Users/claus/source/semesterprojekt/VHDL/claus_quadrature_decoder/claus_quadrature_decoder.srcs/constrs_1/new/basys3_master.xdc:22]
Resolution: If [get_<value>] was used to populate the object, check to make sure this command returns at least one valid object.
WARNING: [Vivado 12-584] No ports matched 'sw[5]'. [C:/Users/claus/source/semesterprojekt/VHDL/claus_quadrature_decoder/claus_quadrature_decoder.srcs/constrs_1/new/basys3_master.xdc:23]
CRITICAL WARNING: [Common 17-55] 'set_property' expects at least one object. [C:/Users/claus/source/semesterprojekt/VHDL/claus_quadrature_decoder/claus_quadrature_decoder.srcs/constrs_1/new/basys3_master.xdc:23]
Resolution: If [get_<value>] was used to populate the object, check to make sure this command returns at least one valid object.
WARNING: [Vivado 12-584] No ports matched 'sw[6]'. [C:/Users/claus/source/semesterprojekt/VHDL/claus_quadrature_decoder/claus_quadrature_decoder.srcs/constrs_1/new/basys3_master.xdc:24]
CRITICAL WARNING: [Common 17-55] 'set_property' expects at least one object. [C:/Users/claus/source/semesterprojekt/VHDL/claus_quadrature_decoder/claus_quadrature_decoder.srcs/constrs_1/new/basys3_master.xdc:24]
Resolution: If [get_<value>] was used to populate the object, check to make sure this command returns at least one valid object.
WARNING: [Vivado 12-584] No ports matched 'sw[6]'. [C:/Users/claus/source/semesterprojekt/VHDL/claus_quadrature_decoder/claus_quadrature_decoder.srcs/constrs_1/new/basys3_master.xdc:25]
CRITICAL WARNING: [Common 17-55] 'set_property' expects at least one object. [C:/Users/claus/source/semesterprojekt/VHDL/claus_quadrature_decoder/claus_quadrature_decoder.srcs/constrs_1/new/basys3_master.xdc:25]
Resolution: If [get_<value>] was used to populate the object, check to make sure this command returns at least one valid object.
WARNING: [Vivado 12-584] No ports matched 'sw[7]'. [C:/Users/claus/source/semesterprojekt/VHDL/claus_quadrature_decoder/claus_quadrature_decoder.srcs/constrs_1/new/basys3_master.xdc:26]
CRITICAL WARNING: [Common 17-55] 'set_property' expects at least one object. [C:/Users/claus/source/semesterprojekt/VHDL/claus_quadrature_decoder/claus_quadrature_decoder.srcs/constrs_1/new/basys3_master.xdc:26]
Resolution: If [get_<value>] was used to populate the object, check to make sure this command returns at least one valid object.
WARNING: [Vivado 12-584] No ports matched 'sw[7]'. [C:/Users/claus/source/semesterprojekt/VHDL/claus_quadrature_decoder/claus_quadrature_decoder.srcs/constrs_1/new/basys3_master.xdc:27]
CRITICAL WARNING: [Common 17-55] 'set_property' expects at least one object. [C:/Users/claus/source/semesterprojekt/VHDL/claus_quadrature_decoder/claus_quadrature_decoder.srcs/constrs_1/new/basys3_master.xdc:27]
Resolution: If [get_<value>] was used to populate the object, check to make sure this command returns at least one valid object.
WARNING: [Vivado 12-584] No ports matched 'sw[8]'. [C:/Users/claus/source/semesterprojekt/VHDL/claus_quadrature_decoder/claus_quadrature_decoder.srcs/constrs_1/new/basys3_master.xdc:28]
CRITICAL WARNING: [Common 17-55] 'set_property' expects at least one object. [C:/Users/claus/source/semesterprojekt/VHDL/claus_quadrature_decoder/claus_quadrature_decoder.srcs/constrs_1/new/basys3_master.xdc:28]
Resolution: If [get_<value>] was used to populate the object, check to make sure this command returns at least one valid object.
WARNING: [Vivado 12-584] No ports matched 'sw[8]'. [C:/Users/claus/source/semesterprojekt/VHDL/claus_quadrature_decoder/claus_quadrature_decoder.srcs/constrs_1/new/basys3_master.xdc:29]
CRITICAL WARNING: [Common 17-55] 'set_property' expects at least one object. [C:/Users/claus/source/semesterprojekt/VHDL/claus_quadrature_decoder/claus_quadrature_decoder.srcs/constrs_1/new/basys3_master.xdc:29]
Resolution: If [get_<value>] was used to populate the object, check to make sure this command returns at least one valid object.
WARNING: [Vivado 12-584] No ports matched 'sw[9]'. [C:/Users/claus/source/semesterprojekt/VHDL/claus_quadrature_decoder/claus_quadrature_decoder.srcs/constrs_1/new/basys3_master.xdc:30]
CRITICAL WARNING: [Common 17-55] 'set_property' expects at least one object. [C:/Users/claus/source/semesterprojekt/VHDL/claus_quadrature_decoder/claus_quadrature_decoder.srcs/constrs_1/new/basys3_master.xdc:30]
Resolution: If [get_<value>] was used to populate the object, check to make sure this command returns at least one valid object.
WARNING: [Vivado 12-584] No ports matched 'sw[9]'. [C:/Users/claus/source/semesterprojekt/VHDL/claus_quadrature_decoder/claus_quadrature_decoder.srcs/constrs_1/new/basys3_master.xdc:31]
CRITICAL WARNING: [Common 17-55] 'set_property' expects at least one object. [C:/Users/claus/source/semesterprojekt/VHDL/claus_quadrature_decoder/claus_quadrature_decoder.srcs/constrs_1/new/basys3_master.xdc:31]
Resolution: If [get_<value>] was used to populate the object, check to make sure this command returns at least one valid object.
WARNING: [Vivado 12-584] No ports matched 'sw[10]'. [C:/Users/claus/source/semesterprojekt/VHDL/claus_quadrature_decoder/claus_quadrature_decoder.srcs/constrs_1/new/basys3_master.xdc:32]
CRITICAL WARNING: [Common 17-55] 'set_property' expects at least one object. [C:/Users/claus/source/semesterprojekt/VHDL/claus_quadrature_decoder/claus_quadrature_decoder.srcs/constrs_1/new/basys3_master.xdc:32]
Resolution: If [get_<value>] was used to populate the object, check to make sure this command returns at least one valid object.
WARNING: [Vivado 12-584] No ports matched 'sw[10]'. [C:/Users/claus/source/semesterprojekt/VHDL/claus_quadrature_decoder/claus_quadrature_decoder.srcs/constrs_1/new/basys3_master.xdc:33]
CRITICAL WARNING: [Common 17-55] 'set_property' expects at least one object. [C:/Users/claus/source/semesterprojekt/VHDL/claus_quadrature_decoder/claus_quadrature_decoder.srcs/constrs_1/new/basys3_master.xdc:33]
Resolution: If [get_<value>] was used to populate the object, check to make sure this command returns at least one valid object.
WARNING: [Vivado 12-584] No ports matched 'sw[11]'. [C:/Users/claus/source/semesterprojekt/VHDL/claus_quadrature_decoder/claus_quadrature_decoder.srcs/constrs_1/new/basys3_master.xdc:34]
CRITICAL WARNING: [Common 17-55] 'set_property' expects at least one object. [C:/Users/claus/source/semesterprojekt/VHDL/claus_quadrature_decoder/claus_quadrature_decoder.srcs/constrs_1/new/basys3_master.xdc:34]
Resolution: If [get_<value>] was used to populate the object, check to make sure this command returns at least one valid object.
WARNING: [Vivado 12-584] No ports matched 'sw[11]'. [C:/Users/claus/source/semesterprojekt/VHDL/claus_quadrature_decoder/claus_quadrature_decoder.srcs/constrs_1/new/basys3_master.xdc:35]
CRITICAL WARNING: [Common 17-55] 'set_property' expects at least one object. [C:/Users/claus/source/semesterprojekt/VHDL/claus_quadrature_decoder/claus_quadrature_decoder.srcs/constrs_1/new/basys3_master.xdc:35]
Resolution: If [get_<value>] was used to populate the object, check to make sure this command returns at least one valid object.
WARNING: [Vivado 12-584] No ports matched 'sw[12]'. [C:/Users/claus/source/semesterprojekt/VHDL/claus_quadrature_decoder/claus_quadrature_decoder.srcs/constrs_1/new/basys3_master.xdc:36]
CRITICAL WARNING: [Common 17-55] 'set_property' expects at least one object. [C:/Users/claus/source/semesterprojekt/VHDL/claus_quadrature_decoder/claus_quadrature_decoder.srcs/constrs_1/new/basys3_master.xdc:36]
Resolution: If [get_<value>] was used to populate the object, check to make sure this command returns at least one valid object.
WARNING: [Vivado 12-584] No ports matched 'sw[12]'. [C:/Users/claus/source/semesterprojekt/VHDL/claus_quadrature_decoder/claus_quadrature_decoder.srcs/constrs_1/new/basys3_master.xdc:37]
CRITICAL WARNING: [Common 17-55] 'set_property' expects at least one object. [C:/Users/claus/source/semesterprojekt/VHDL/claus_quadrature_decoder/claus_quadrature_decoder.srcs/constrs_1/new/basys3_master.xdc:37]
Resolution: If [get_<value>] was used to populate the object, check to make sure this command returns at least one valid object.
WARNING: [Vivado 12-584] No ports matched 'sw[13]'. [C:/Users/claus/source/semesterprojekt/VHDL/claus_quadrature_decoder/claus_quadrature_decoder.srcs/constrs_1/new/basys3_master.xdc:38]
CRITICAL WARNING: [Common 17-55] 'set_property' expects at least one object. [C:/Users/claus/source/semesterprojekt/VHDL/claus_quadrature_decoder/claus_quadrature_decoder.srcs/constrs_1/new/basys3_master.xdc:38]
Resolution: If [get_<value>] was used to populate the object, check to make sure this command returns at least one valid object.
WARNING: [Vivado 12-584] No ports matched 'sw[13]'. [C:/Users/claus/source/semesterprojekt/VHDL/claus_quadrature_decoder/claus_quadrature_decoder.srcs/constrs_1/new/basys3_master.xdc:39]
CRITICAL WARNING: [Common 17-55] 'set_property' expects at least one object. [C:/Users/claus/source/semesterprojekt/VHDL/claus_quadrature_decoder/claus_quadrature_decoder.srcs/constrs_1/new/basys3_master.xdc:39]
Resolution: If [get_<value>] was used to populate the object, check to make sure this command returns at least one valid object.
WARNING: [Vivado 12-584] No ports matched 'sw[14]'. [C:/Users/claus/source/semesterprojekt/VHDL/claus_quadrature_decoder/claus_quadrature_decoder.srcs/constrs_1/new/basys3_master.xdc:40]
CRITICAL WARNING: [Common 17-55] 'set_property' expects at least one object. [C:/Users/claus/source/semesterprojekt/VHDL/claus_quadrature_decoder/claus_quadrature_decoder.srcs/constrs_1/new/basys3_master.xdc:40]
Resolution: If [get_<value>] was used to populate the object, check to make sure this command returns at least one valid object.
WARNING: [Vivado 12-584] No ports matched 'sw[14]'. [C:/Users/claus/source/semesterprojekt/VHDL/claus_quadrature_decoder/claus_quadrature_decoder.srcs/constrs_1/new/basys3_master.xdc:41]
CRITICAL WARNING: [Common 17-55] 'set_property' expects at least one object. [C:/Users/claus/source/semesterprojekt/VHDL/claus_quadrature_decoder/claus_quadrature_decoder.srcs/constrs_1/new/basys3_master.xdc:41]
Resolution: If [get_<value>] was used to populate the object, check to make sure this command returns at least one valid object.
WARNING: [Vivado 12-584] No ports matched 'sw[15]'. [C:/Users/claus/source/semesterprojekt/VHDL/claus_quadrature_decoder/claus_quadrature_decoder.srcs/constrs_1/new/basys3_master.xdc:42]
CRITICAL WARNING: [Common 17-55] 'set_property' expects at least one object. [C:/Users/claus/source/semesterprojekt/VHDL/claus_quadrature_decoder/claus_quadrature_decoder.srcs/constrs_1/new/basys3_master.xdc:42]
Resolution: If [get_<value>] was used to populate the object, check to make sure this command returns at least one valid object.
WARNING: [Vivado 12-584] No ports matched 'sw[15]'. [C:/Users/claus/source/semesterprojekt/VHDL/claus_quadrature_decoder/claus_quadrature_decoder.srcs/constrs_1/new/basys3_master.xdc:43]
CRITICAL WARNING: [Common 17-55] 'set_property' expects at least one object. [C:/Users/claus/source/semesterprojekt/VHDL/claus_quadrature_decoder/claus_quadrature_decoder.srcs/constrs_1/new/basys3_master.xdc:43]
Resolution: If [get_<value>] was used to populate the object, check to make sure this command returns at least one valid object.
WARNING: [Vivado 12-584] No ports matched 'seg[0]'. [C:/Users/claus/source/semesterprojekt/VHDL/claus_quadrature_decoder/claus_quadrature_decoder.srcs/constrs_1/new/basys3_master.xdc:82]
CRITICAL WARNING: [Common 17-55] 'set_property' expects at least one object. [C:/Users/claus/source/semesterprojekt/VHDL/claus_quadrature_decoder/claus_quadrature_decoder.srcs/constrs_1/new/basys3_master.xdc:82]
Resolution: If [get_<value>] was used to populate the object, check to make sure this command returns at least one valid object.
WARNING: [Vivado 12-584] No ports matched 'seg[0]'. [C:/Users/claus/source/semesterprojekt/VHDL/claus_quadrature_decoder/claus_quadrature_decoder.srcs/constrs_1/new/basys3_master.xdc:83]
CRITICAL WARNING: [Common 17-55] 'set_property' expects at least one object. [C:/Users/claus/source/semesterprojekt/VHDL/claus_quadrature_decoder/claus_quadrature_decoder.srcs/constrs_1/new/basys3_master.xdc:83]
Resolution: If [get_<value>] was used to populate the object, check to make sure this command returns at least one valid object.
WARNING: [Vivado 12-584] No ports matched 'seg[1]'. [C:/Users/claus/source/semesterprojekt/VHDL/claus_quadrature_decoder/claus_quadrature_decoder.srcs/constrs_1/new/basys3_master.xdc:84]
CRITICAL WARNING: [Common 17-55] 'set_property' expects at least one object. [C:/Users/claus/source/semesterprojekt/VHDL/claus_quadrature_decoder/claus_quadrature_decoder.srcs/constrs_1/new/basys3_master.xdc:84]
Resolution: If [get_<value>] was used to populate the object, check to make sure this command returns at least one valid object.
WARNING: [Vivado 12-584] No ports matched 'seg[1]'. [C:/Users/claus/source/semesterprojekt/VHDL/claus_quadrature_decoder/claus_quadrature_decoder.srcs/constrs_1/new/basys3_master.xdc:85]
CRITICAL WARNING: [Common 17-55] 'set_property' expects at least one object. [C:/Users/claus/source/semesterprojekt/VHDL/claus_quadrature_decoder/claus_quadrature_decoder.srcs/constrs_1/new/basys3_master.xdc:85]
Resolution: If [get_<value>] was used to populate the object, check to make sure this command returns at least one valid object.
WARNING: [Vivado 12-584] No ports matched 'seg[2]'. [C:/Users/claus/source/semesterprojekt/VHDL/claus_quadrature_decoder/claus_quadrature_decoder.srcs/constrs_1/new/basys3_master.xdc:86]
CRITICAL WARNING: [Common 17-55] 'set_property' expects at least one object. [C:/Users/claus/source/semesterprojekt/VHDL/claus_quadrature_decoder/claus_quadrature_decoder.srcs/constrs_1/new/basys3_master.xdc:86]
Resolution: If [get_<value>] was used to populate the object, check to make sure this command returns at least one valid object.
WARNING: [Vivado 12-584] No ports matched 'seg[2]'. [C:/Users/claus/source/semesterprojekt/VHDL/claus_quadrature_decoder/claus_quadrature_decoder.srcs/constrs_1/new/basys3_master.xdc:87]
CRITICAL WARNING: [Common 17-55] 'set_property' expects at least one object. [C:/Users/claus/source/semesterprojekt/VHDL/claus_quadrature_decoder/claus_quadrature_decoder.srcs/constrs_1/new/basys3_master.xdc:87]
Resolution: If [get_<value>] was used to populate the object, check to make sure this command returns at least one valid object.
WARNING: [Vivado 12-584] No ports matched 'seg[3]'. [C:/Users/claus/source/semesterprojekt/VHDL/claus_quadrature_decoder/claus_quadrature_decoder.srcs/constrs_1/new/basys3_master.xdc:88]
CRITICAL WARNING: [Common 17-55] 'set_property' expects at least one object. [C:/Users/claus/source/semesterprojekt/VHDL/claus_quadrature_decoder/claus_quadrature_decoder.srcs/constrs_1/new/basys3_master.xdc:88]
Resolution: If [get_<value>] was used to populate the object, check to make sure this command returns at least one valid object.
WARNING: [Vivado 12-584] No ports matched 'seg[3]'. [C:/Users/claus/source/semesterprojekt/VHDL/claus_quadrature_decoder/claus_quadrature_decoder.srcs/constrs_1/new/basys3_master.xdc:89]
CRITICAL WARNING: [Common 17-55] 'set_property' expects at least one object. [C:/Users/claus/source/semesterprojekt/VHDL/claus_quadrature_decoder/claus_quadrature_decoder.srcs/constrs_1/new/basys3_master.xdc:89]
Resolution: If [get_<value>] was used to populate the object, check to make sure this command returns at least one valid object.
WARNING: [Vivado 12-584] No ports matched 'seg[4]'. [C:/Users/claus/source/semesterprojekt/VHDL/claus_quadrature_decoder/claus_quadrature_decoder.srcs/constrs_1/new/basys3_master.xdc:90]
CRITICAL WARNING: [Common 17-55] 'set_property' expects at least one object. [C:/Users/claus/source/semesterprojekt/VHDL/claus_quadrature_decoder/claus_quadrature_decoder.srcs/constrs_1/new/basys3_master.xdc:90]
Resolution: If [get_<value>] was used to populate the object, check to make sure this command returns at least one valid object.
WARNING: [Vivado 12-584] No ports matched 'seg[4]'. [C:/Users/claus/source/semesterprojekt/VHDL/claus_quadrature_decoder/claus_quadrature_decoder.srcs/constrs_1/new/basys3_master.xdc:91]
CRITICAL WARNING: [Common 17-55] 'set_property' expects at least one object. [C:/Users/claus/source/semesterprojekt/VHDL/claus_quadrature_decoder/claus_quadrature_decoder.srcs/constrs_1/new/basys3_master.xdc:91]
Resolution: If [get_<value>] was used to populate the object, check to make sure this command returns at least one valid object.
WARNING: [Vivado 12-584] No ports matched 'seg[5]'. [C:/Users/claus/source/semesterprojekt/VHDL/claus_quadrature_decoder/claus_quadrature_decoder.srcs/constrs_1/new/basys3_master.xdc:92]
CRITICAL WARNING: [Common 17-55] 'set_property' expects at least one object. [C:/Users/claus/source/semesterprojekt/VHDL/claus_quadrature_decoder/claus_quadrature_decoder.srcs/constrs_1/new/basys3_master.xdc:92]
Resolution: If [get_<value>] was used to populate the object, check to make sure this command returns at least one valid object.
WARNING: [Vivado 12-584] No ports matched 'seg[5]'. [C:/Users/claus/source/semesterprojekt/VHDL/claus_quadrature_decoder/claus_quadrature_decoder.srcs/constrs_1/new/basys3_master.xdc:93]
CRITICAL WARNING: [Common 17-55] 'set_property' expects at least one object. [C:/Users/claus/source/semesterprojekt/VHDL/claus_quadrature_decoder/claus_quadrature_decoder.srcs/constrs_1/new/basys3_master.xdc:93]
Resolution: If [get_<value>] was used to populate the object, check to make sure this command returns at least one valid object.
WARNING: [Vivado 12-584] No ports matched 'seg[6]'. [C:/Users/claus/source/semesterprojekt/VHDL/claus_quadrature_decoder/claus_quadrature_decoder.srcs/constrs_1/new/basys3_master.xdc:94]
CRITICAL WARNING: [Common 17-55] 'set_property' expects at least one object. [C:/Users/claus/source/semesterprojekt/VHDL/claus_quadrature_decoder/claus_quadrature_decoder.srcs/constrs_1/new/basys3_master.xdc:94]
Resolution: If [get_<value>] was used to populate the object, check to make sure this command returns at least one valid object.
WARNING: [Vivado 12-584] No ports matched 'seg[6]'. [C:/Users/claus/source/semesterprojekt/VHDL/claus_quadrature_decoder/claus_quadrature_decoder.srcs/constrs_1/new/basys3_master.xdc:95]
CRITICAL WARNING: [Common 17-55] 'set_property' expects at least one object. [C:/Users/claus/source/semesterprojekt/VHDL/claus_quadrature_decoder/claus_quadrature_decoder.srcs/constrs_1/new/basys3_master.xdc:95]
Resolution: If [get_<value>] was used to populate the object, check to make sure this command returns at least one valid object.
WARNING: [Vivado 12-584] No ports matched 'dp'. [C:/Users/claus/source/semesterprojekt/VHDL/claus_quadrature_decoder/claus_quadrature_decoder.srcs/constrs_1/new/basys3_master.xdc:97]
CRITICAL WARNING: [Common 17-55] 'set_property' expects at least one object. [C:/Users/claus/source/semesterprojekt/VHDL/claus_quadrature_decoder/claus_quadrature_decoder.srcs/constrs_1/new/basys3_master.xdc:97]
Resolution: If [get_<value>] was used to populate the object, check to make sure this command returns at least one valid object.
WARNING: [Vivado 12-584] No ports matched 'dp'. [C:/Users/claus/source/semesterprojekt/VHDL/claus_quadrature_decoder/claus_quadrature_decoder.srcs/constrs_1/new/basys3_master.xdc:98]
CRITICAL WARNING: [Common 17-55] 'set_property' expects at least one object. [C:/Users/claus/source/semesterprojekt/VHDL/claus_quadrature_decoder/claus_quadrature_decoder.srcs/constrs_1/new/basys3_master.xdc:98]
Resolution: If [get_<value>] was used to populate the object, check to make sure this command returns at least one valid object.
WARNING: [Vivado 12-584] No ports matched 'an[0]'. [C:/Users/claus/source/semesterprojekt/VHDL/claus_quadrature_decoder/claus_quadrature_decoder.srcs/constrs_1/new/basys3_master.xdc:100]
CRITICAL WARNING: [Common 17-55] 'set_property' expects at least one object. [C:/Users/claus/source/semesterprojekt/VHDL/claus_quadrature_decoder/claus_quadrature_decoder.srcs/constrs_1/new/basys3_master.xdc:100]
Resolution: If [get_<value>] was used to populate the object, check to make sure this command returns at least one valid object.
WARNING: [Vivado 12-584] No ports matched 'an[0]'. [C:/Users/claus/source/semesterprojekt/VHDL/claus_quadrature_decoder/claus_quadrature_decoder.srcs/constrs_1/new/basys3_master.xdc:101]
CRITICAL WARNING: [Common 17-55] 'set_property' expects at least one object. [C:/Users/claus/source/semesterprojekt/VHDL/claus_quadrature_decoder/claus_quadrature_decoder.srcs/constrs_1/new/basys3_master.xdc:101]
Resolution: If [get_<value>] was used to populate the object, check to make sure this command returns at least one valid object.
WARNING: [Vivado 12-584] No ports matched 'an[1]'. [C:/Users/claus/source/semesterprojekt/VHDL/claus_quadrature_decoder/claus_quadrature_decoder.srcs/constrs_1/new/basys3_master.xdc:102]
CRITICAL WARNING: [Common 17-55] 'set_property' expects at least one object. [C:/Users/claus/source/semesterprojekt/VHDL/claus_quadrature_decoder/claus_quadrature_decoder.srcs/constrs_1/new/basys3_master.xdc:102]
Resolution: If [get_<value>] was used to populate the object, check to make sure this command returns at least one valid object.
WARNING: [Vivado 12-584] No ports matched 'an[1]'. [C:/Users/claus/source/semesterprojekt/VHDL/claus_quadrature_decoder/claus_quadrature_decoder.srcs/constrs_1/new/basys3_master.xdc:103]
CRITICAL WARNING: [Common 17-55] 'set_property' expects at least one object. [C:/Users/claus/source/semesterprojekt/VHDL/claus_quadrature_decoder/claus_quadrature_decoder.srcs/constrs_1/new/basys3_master.xdc:103]
Resolution: If [get_<value>] was used to populate the object, check to make sure this command returns at least one valid object.
WARNING: [Vivado 12-584] No ports matched 'an[2]'. [C:/Users/claus/source/semesterprojekt/VHDL/claus_quadrature_decoder/claus_quadrature_decoder.srcs/constrs_1/new/basys3_master.xdc:104]
CRITICAL WARNING: [Common 17-55] 'set_property' expects at least one object. [C:/Users/claus/source/semesterprojekt/VHDL/claus_quadrature_decoder/claus_quadrature_decoder.srcs/constrs_1/new/basys3_master.xdc:104]
Resolution: If [get_<value>] was used to populate the object, check to make sure this command returns at least one valid object.
WARNING: [Vivado 12-584] No ports matched 'an[2]'. [C:/Users/claus/source/semesterprojekt/VHDL/claus_quadrature_decoder/claus_quadrature_decoder.srcs/constrs_1/new/basys3_master.xdc:105]
CRITICAL WARNING: [Common 17-55] 'set_property' expects at least one object. [C:/Users/claus/source/semesterprojekt/VHDL/claus_quadrature_decoder/claus_quadrature_decoder.srcs/constrs_1/new/basys3_master.xdc:105]
Resolution: If [get_<value>] was used to populate the object, check to make sure this command returns at least one valid object.
WARNING: [Vivado 12-584] No ports matched 'an[3]'. [C:/Users/claus/source/semesterprojekt/VHDL/claus_quadrature_decoder/claus_quadrature_decoder.srcs/constrs_1/new/basys3_master.xdc:106]
CRITICAL WARNING: [Common 17-55] 'set_property' expects at least one object. [C:/Users/claus/source/semesterprojekt/VHDL/claus_quadrature_decoder/claus_quadrature_decoder.srcs/constrs_1/new/basys3_master.xdc:106]
Resolution: If [get_<value>] was used to populate the object, check to make sure this command returns at least one valid object.
WARNING: [Vivado 12-584] No ports matched 'an[3]'. [C:/Users/claus/source/semesterprojekt/VHDL/claus_quadrature_decoder/claus_quadrature_decoder.srcs/constrs_1/new/basys3_master.xdc:107]
CRITICAL WARNING: [Common 17-55] 'set_property' expects at least one object. [C:/Users/claus/source/semesterprojekt/VHDL/claus_quadrature_decoder/claus_quadrature_decoder.srcs/constrs_1/new/basys3_master.xdc:107]
Resolution: If [get_<value>] was used to populate the object, check to make sure this command returns at least one valid object.
WARNING: [Vivado 12-584] No ports matched 'btnU'. [C:/Users/claus/source/semesterprojekt/VHDL/claus_quadrature_decoder/claus_quadrature_decoder.srcs/constrs_1/new/basys3_master.xdc:113]
CRITICAL WARNING: [Common 17-55] 'set_property' expects at least one object. [C:/Users/claus/source/semesterprojekt/VHDL/claus_quadrature_decoder/claus_quadrature_decoder.srcs/constrs_1/new/basys3_master.xdc:113]
Resolution: If [get_<value>] was used to populate the object, check to make sure this command returns at least one valid object.
WARNING: [Vivado 12-584] No ports matched 'btnU'. [C:/Users/claus/source/semesterprojekt/VHDL/claus_quadrature_decoder/claus_quadrature_decoder.srcs/constrs_1/new/basys3_master.xdc:114]
CRITICAL WARNING: [Common 17-55] 'set_property' expects at least one object. [C:/Users/claus/source/semesterprojekt/VHDL/claus_quadrature_decoder/claus_quadrature_decoder.srcs/constrs_1/new/basys3_master.xdc:114]
Resolution: If [get_<value>] was used to populate the object, check to make sure this command returns at least one valid object.
WARNING: [Vivado 12-584] No ports matched 'btnL'. [C:/Users/claus/source/semesterprojekt/VHDL/claus_quadrature_decoder/claus_quadrature_decoder.srcs/constrs_1/new/basys3_master.xdc:115]
CRITICAL WARNING: [Common 17-55] 'set_property' expects at least one object. [C:/Users/claus/source/semesterprojekt/VHDL/claus_quadrature_decoder/claus_quadrature_decoder.srcs/constrs_1/new/basys3_master.xdc:115]
Resolution: If [get_<value>] was used to populate the object, check to make sure this command returns at least one valid object.
WARNING: [Vivado 12-584] No ports matched 'btnL'. [C:/Users/claus/source/semesterprojekt/VHDL/claus_quadrature_decoder/claus_quadrature_decoder.srcs/constrs_1/new/basys3_master.xdc:116]
CRITICAL WARNING: [Common 17-55] 'set_property' expects at least one object. [C:/Users/claus/source/semesterprojekt/VHDL/claus_quadrature_decoder/claus_quadrature_decoder.srcs/constrs_1/new/basys3_master.xdc:116]
Resolution: If [get_<value>] was used to populate the object, check to make sure this command returns at least one valid object.
WARNING: [Vivado 12-584] No ports matched 'btnR'. [C:/Users/claus/source/semesterprojekt/VHDL/claus_quadrature_decoder/claus_quadrature_decoder.srcs/constrs_1/new/basys3_master.xdc:117]
CRITICAL WARNING: [Common 17-55] 'set_property' expects at least one object. [C:/Users/claus/source/semesterprojekt/VHDL/claus_quadrature_decoder/claus_quadrature_decoder.srcs/constrs_1/new/basys3_master.xdc:117]
Resolution: If [get_<value>] was used to populate the object, check to make sure this command returns at least one valid object.
WARNING: [Vivado 12-584] No ports matched 'btnR'. [C:/Users/claus/source/semesterprojekt/VHDL/claus_quadrature_decoder/claus_quadrature_decoder.srcs/constrs_1/new/basys3_master.xdc:118]
CRITICAL WARNING: [Common 17-55] 'set_property' expects at least one object. [C:/Users/claus/source/semesterprojekt/VHDL/claus_quadrature_decoder/claus_quadrature_decoder.srcs/constrs_1/new/basys3_master.xdc:118]
Resolution: If [get_<value>] was used to populate the object, check to make sure this command returns at least one valid object.
WARNING: [Vivado 12-584] No ports matched 'btnD'. [C:/Users/claus/source/semesterprojekt/VHDL/claus_quadrature_decoder/claus_quadrature_decoder.srcs/constrs_1/new/basys3_master.xdc:119]
CRITICAL WARNING: [Common 17-55] 'set_property' expects at least one object. [C:/Users/claus/source/semesterprojekt/VHDL/claus_quadrature_decoder/claus_quadrature_decoder.srcs/constrs_1/new/basys3_master.xdc:119]
Resolution: If [get_<value>] was used to populate the object, check to make sure this command returns at least one valid object.
WARNING: [Vivado 12-584] No ports matched 'btnD'. [C:/Users/claus/source/semesterprojekt/VHDL/claus_quadrature_decoder/claus_quadrature_decoder.srcs/constrs_1/new/basys3_master.xdc:120]
CRITICAL WARNING: [Common 17-55] 'set_property' expects at least one object. [C:/Users/claus/source/semesterprojekt/VHDL/claus_quadrature_decoder/claus_quadrature_decoder.srcs/constrs_1/new/basys3_master.xdc:120]
Resolution: If [get_<value>] was used to populate the object, check to make sure this command returns at least one valid object.
WARNING: [Vivado 12-584] No ports matched 'JA[0]'. [C:/Users/claus/source/semesterprojekt/VHDL/claus_quadrature_decoder/claus_quadrature_decoder.srcs/constrs_1/new/basys3_master.xdc:126]
CRITICAL WARNING: [Common 17-55] 'set_property' expects at least one object. [C:/Users/claus/source/semesterprojekt/VHDL/claus_quadrature_decoder/claus_quadrature_decoder.srcs/constrs_1/new/basys3_master.xdc:126]
Resolution: If [get_<value>] was used to populate the object, check to make sure this command returns at least one valid object.
WARNING: [Vivado 12-584] No ports matched 'JA[0]'. [C:/Users/claus/source/semesterprojekt/VHDL/claus_quadrature_decoder/claus_quadrature_decoder.srcs/constrs_1/new/basys3_master.xdc:127]
CRITICAL WARNING: [Common 17-55] 'set_property' expects at least one object. [C:/Users/claus/source/semesterprojekt/VHDL/claus_quadrature_decoder/claus_quadrature_decoder.srcs/constrs_1/new/basys3_master.xdc:127]
Resolution: If [get_<value>] was used to populate the object, check to make sure this command returns at least one valid object.
WARNING: [Vivado 12-584] No ports matched 'JA[1]'. [C:/Users/claus/source/semesterprojekt/VHDL/claus_quadrature_decoder/claus_quadrature_decoder.srcs/constrs_1/new/basys3_master.xdc:129]
CRITICAL WARNING: [Common 17-55] 'set_property' expects at least one object. [C:/Users/claus/source/semesterprojekt/VHDL/claus_quadrature_decoder/claus_quadrature_decoder.srcs/constrs_1/new/basys3_master.xdc:129]
Resolution: If [get_<value>] was used to populate the object, check to make sure this command returns at least one valid object.
WARNING: [Vivado 12-584] No ports matched 'JA[1]'. [C:/Users/claus/source/semesterprojekt/VHDL/claus_quadrature_decoder/claus_quadrature_decoder.srcs/constrs_1/new/basys3_master.xdc:130]
CRITICAL WARNING: [Common 17-55] 'set_property' expects at least one object. [C:/Users/claus/source/semesterprojekt/VHDL/claus_quadrature_decoder/claus_quadrature_decoder.srcs/constrs_1/new/basys3_master.xdc:130]
Resolution: If [get_<value>] was used to populate the object, check to make sure this command returns at least one valid object.
WARNING: [Vivado 12-584] No ports matched 'JA[2]'. [C:/Users/claus/source/semesterprojekt/VHDL/claus_quadrature_decoder/claus_quadrature_decoder.srcs/constrs_1/new/basys3_master.xdc:132]
CRITICAL WARNING: [Common 17-55] 'set_property' expects at least one object. [C:/Users/claus/source/semesterprojekt/VHDL/claus_quadrature_decoder/claus_quadrature_decoder.srcs/constrs_1/new/basys3_master.xdc:132]
Resolution: If [get_<value>] was used to populate the object, check to make sure this command returns at least one valid object.
WARNING: [Vivado 12-584] No ports matched 'JA[2]'. [C:/Users/claus/source/semesterprojekt/VHDL/claus_quadrature_decoder/claus_quadrature_decoder.srcs/constrs_1/new/basys3_master.xdc:133]
CRITICAL WARNING: [Common 17-55] 'set_property' expects at least one object. [C:/Users/claus/source/semesterprojekt/VHDL/claus_quadrature_decoder/claus_quadrature_decoder.srcs/constrs_1/new/basys3_master.xdc:133]
Resolution: If [get_<value>] was used to populate the object, check to make sure this command returns at least one valid object.
WARNING: [Vivado 12-584] No ports matched 'JA[3]'. [C:/Users/claus/source/semesterprojekt/VHDL/claus_quadrature_decoder/claus_quadrature_decoder.srcs/constrs_1/new/basys3_master.xdc:135]
CRITICAL WARNING: [Common 17-55] 'set_property' expects at least one object. [C:/Users/claus/source/semesterprojekt/VHDL/claus_quadrature_decoder/claus_quadrature_decoder.srcs/constrs_1/new/basys3_master.xdc:135]
Resolution: If [get_<value>] was used to populate the object, check to make sure this command returns at least one valid object.
WARNING: [Vivado 12-584] No ports matched 'JA[3]'. [C:/Users/claus/source/semesterprojekt/VHDL/claus_quadrature_decoder/claus_quadrature_decoder.srcs/constrs_1/new/basys3_master.xdc:136]
CRITICAL WARNING: [Common 17-55] 'set_property' expects at least one object. [C:/Users/claus/source/semesterprojekt/VHDL/claus_quadrature_decoder/claus_quadrature_decoder.srcs/constrs_1/new/basys3_master.xdc:136]
Resolution: If [get_<value>] was used to populate the object, check to make sure this command returns at least one valid object.
WARNING: [Vivado 12-584] No ports matched 'JA[4]'. [C:/Users/claus/source/semesterprojekt/VHDL/claus_quadrature_decoder/claus_quadrature_decoder.srcs/constrs_1/new/basys3_master.xdc:138]
CRITICAL WARNING: [Common 17-55] 'set_property' expects at least one object. [C:/Users/claus/source/semesterprojekt/VHDL/claus_quadrature_decoder/claus_quadrature_decoder.srcs/constrs_1/new/basys3_master.xdc:138]
Resolution: If [get_<value>] was used to populate the object, check to make sure this command returns at least one valid object.
WARNING: [Vivado 12-584] No ports matched 'JA[4]'. [C:/Users/claus/source/semesterprojekt/VHDL/claus_quadrature_decoder/claus_quadrature_decoder.srcs/constrs_1/new/basys3_master.xdc:139]
CRITICAL WARNING: [Common 17-55] 'set_property' expects at least one object. [C:/Users/claus/source/semesterprojekt/VHDL/claus_quadrature_decoder/claus_quadrature_decoder.srcs/constrs_1/new/basys3_master.xdc:139]
Resolution: If [get_<value>] was used to populate the object, check to make sure this command returns at least one valid object.
WARNING: [Vivado 12-584] No ports matched 'JA[5]'. [C:/Users/claus/source/semesterprojekt/VHDL/claus_quadrature_decoder/claus_quadrature_decoder.srcs/constrs_1/new/basys3_master.xdc:141]
CRITICAL WARNING: [Common 17-55] 'set_property' expects at least one object. [C:/Users/claus/source/semesterprojekt/VHDL/claus_quadrature_decoder/claus_quadrature_decoder.srcs/constrs_1/new/basys3_master.xdc:141]
Resolution: If [get_<value>] was used to populate the object, check to make sure this command returns at least one valid object.
WARNING: [Vivado 12-584] No ports matched 'JA[5]'. [C:/Users/claus/source/semesterprojekt/VHDL/claus_quadrature_decoder/claus_quadrature_decoder.srcs/constrs_1/new/basys3_master.xdc:142]
CRITICAL WARNING: [Common 17-55] 'set_property' expects at least one object. [C:/Users/claus/source/semesterprojekt/VHDL/claus_quadrature_decoder/claus_quadrature_decoder.srcs/constrs_1/new/basys3_master.xdc:142]
Resolution: If [get_<value>] was used to populate the object, check to make sure this command returns at least one valid object.
WARNING: [Vivado 12-584] No ports matched 'JA[6]'. [C:/Users/claus/source/semesterprojekt/VHDL/claus_quadrature_decoder/claus_quadrature_decoder.srcs/constrs_1/new/basys3_master.xdc:144]
CRITICAL WARNING: [Common 17-55] 'set_property' expects at least one object. [C:/Users/claus/source/semesterprojekt/VHDL/claus_quadrature_decoder/claus_quadrature_decoder.srcs/constrs_1/new/basys3_master.xdc:144]
Resolution: If [get_<value>] was used to populate the object, check to make sure this command returns at least one valid object.
WARNING: [Vivado 12-584] No ports matched 'JA[6]'. [C:/Users/claus/source/semesterprojekt/VHDL/claus_quadrature_decoder/claus_quadrature_decoder.srcs/constrs_1/new/basys3_master.xdc:145]
CRITICAL WARNING: [Common 17-55] 'set_property' expects at least one object. [C:/Users/claus/source/semesterprojekt/VHDL/claus_quadrature_decoder/claus_quadrature_decoder.srcs/constrs_1/new/basys3_master.xdc:145]
Resolution: If [get_<value>] was used to populate the object, check to make sure this command returns at least one valid object.
WARNING: [Vivado 12-584] No ports matched 'JA[7]'. [C:/Users/claus/source/semesterprojekt/VHDL/claus_quadrature_decoder/claus_quadrature_decoder.srcs/constrs_1/new/basys3_master.xdc:147]
CRITICAL WARNING: [Common 17-55] 'set_property' expects at least one object. [C:/Users/claus/source/semesterprojekt/VHDL/claus_quadrature_decoder/claus_quadrature_decoder.srcs/constrs_1/new/basys3_master.xdc:147]
Resolution: If [get_<value>] was used to populate the object, check to make sure this command returns at least one valid object.
WARNING: [Vivado 12-584] No ports matched 'JA[7]'. [C:/Users/claus/source/semesterprojekt/VHDL/claus_quadrature_decoder/claus_quadrature_decoder.srcs/constrs_1/new/basys3_master.xdc:148]
CRITICAL WARNING: [Common 17-55] 'set_property' expects at least one object. [C:/Users/claus/source/semesterprojekt/VHDL/claus_quadrature_decoder/claus_quadrature_decoder.srcs/constrs_1/new/basys3_master.xdc:148]
Resolution: If [get_<value>] was used to populate the object, check to make sure this command returns at least one valid object.
WARNING: [Vivado 12-584] No ports matched 'JB[2]'. [C:/Users/claus/source/semesterprojekt/VHDL/claus_quadrature_decoder/claus_quadrature_decoder.srcs/constrs_1/new/basys3_master.xdc:160]
CRITICAL WARNING: [Common 17-55] 'set_property' expects at least one object. [C:/Users/claus/source/semesterprojekt/VHDL/claus_quadrature_decoder/claus_quadrature_decoder.srcs/constrs_1/new/basys3_master.xdc:160]
Resolution: If [get_<value>] was used to populate the object, check to make sure this command returns at least one valid object.
WARNING: [Vivado 12-584] No ports matched 'JB[2]'. [C:/Users/claus/source/semesterprojekt/VHDL/claus_quadrature_decoder/claus_quadrature_decoder.srcs/constrs_1/new/basys3_master.xdc:161]
CRITICAL WARNING: [Common 17-55] 'set_property' expects at least one object. [C:/Users/claus/source/semesterprojekt/VHDL/claus_quadrature_decoder/claus_quadrature_decoder.srcs/constrs_1/new/basys3_master.xdc:161]
Resolution: If [get_<value>] was used to populate the object, check to make sure this command returns at least one valid object.
WARNING: [Vivado 12-584] No ports matched 'JB[3]'. [C:/Users/claus/source/semesterprojekt/VHDL/claus_quadrature_decoder/claus_quadrature_decoder.srcs/constrs_1/new/basys3_master.xdc:163]
CRITICAL WARNING: [Common 17-55] 'set_property' expects at least one object. [C:/Users/claus/source/semesterprojekt/VHDL/claus_quadrature_decoder/claus_quadrature_decoder.srcs/constrs_1/new/basys3_master.xdc:163]
Resolution: If [get_<value>] was used to populate the object, check to make sure this command returns at least one valid object.
WARNING: [Vivado 12-584] No ports matched 'JB[3]'. [C:/Users/claus/source/semesterprojekt/VHDL/claus_quadrature_decoder/claus_quadrature_decoder.srcs/constrs_1/new/basys3_master.xdc:164]
CRITICAL WARNING: [Common 17-55] 'set_property' expects at least one object. [C:/Users/claus/source/semesterprojekt/VHDL/claus_quadrature_decoder/claus_quadrature_decoder.srcs/constrs_1/new/basys3_master.xdc:164]
Resolution: If [get_<value>] was used to populate the object, check to make sure this command returns at least one valid object.
WARNING: [Vivado 12-584] No ports matched 'JB[4]'. [C:/Users/claus/source/semesterprojekt/VHDL/claus_quadrature_decoder/claus_quadrature_decoder.srcs/constrs_1/new/basys3_master.xdc:166]
CRITICAL WARNING: [Common 17-55] 'set_property' expects at least one object. [C:/Users/claus/source/semesterprojekt/VHDL/claus_quadrature_decoder/claus_quadrature_decoder.srcs/constrs_1/new/basys3_master.xdc:166]
Resolution: If [get_<value>] was used to populate the object, check to make sure this command returns at least one valid object.
WARNING: [Vivado 12-584] No ports matched 'JB[4]'. [C:/Users/claus/source/semesterprojekt/VHDL/claus_quadrature_decoder/claus_quadrature_decoder.srcs/constrs_1/new/basys3_master.xdc:167]
CRITICAL WARNING: [Common 17-55] 'set_property' expects at least one object. [C:/Users/claus/source/semesterprojekt/VHDL/claus_quadrature_decoder/claus_quadrature_decoder.srcs/constrs_1/new/basys3_master.xdc:167]
Resolution: If [get_<value>] was used to populate the object, check to make sure this command returns at least one valid object.
WARNING: [Vivado 12-584] No ports matched 'JB[5]'. [C:/Users/claus/source/semesterprojekt/VHDL/claus_quadrature_decoder/claus_quadrature_decoder.srcs/constrs_1/new/basys3_master.xdc:169]
CRITICAL WARNING: [Common 17-55] 'set_property' expects at least one object. [C:/Users/claus/source/semesterprojekt/VHDL/claus_quadrature_decoder/claus_quadrature_decoder.srcs/constrs_1/new/basys3_master.xdc:169]
Resolution: If [get_<value>] was used to populate the object, check to make sure this command returns at least one valid object.
WARNING: [Vivado 12-584] No ports matched 'JB[5]'. [C:/Users/claus/source/semesterprojekt/VHDL/claus_quadrature_decoder/claus_quadrature_decoder.srcs/constrs_1/new/basys3_master.xdc:170]
CRITICAL WARNING: [Common 17-55] 'set_property' expects at least one object. [C:/Users/claus/source/semesterprojekt/VHDL/claus_quadrature_decoder/claus_quadrature_decoder.srcs/constrs_1/new/basys3_master.xdc:170]
Resolution: If [get_<value>] was used to populate the object, check to make sure this command returns at least one valid object.
WARNING: [Vivado 12-584] No ports matched 'JB[6]'. [C:/Users/claus/source/semesterprojekt/VHDL/claus_quadrature_decoder/claus_quadrature_decoder.srcs/constrs_1/new/basys3_master.xdc:172]
CRITICAL WARNING: [Common 17-55] 'set_property' expects at least one object. [C:/Users/claus/source/semesterprojekt/VHDL/claus_quadrature_decoder/claus_quadrature_decoder.srcs/constrs_1/new/basys3_master.xdc:172]
Resolution: If [get_<value>] was used to populate the object, check to make sure this command returns at least one valid object.
WARNING: [Vivado 12-584] No ports matched 'JB[6]'. [C:/Users/claus/source/semesterprojekt/VHDL/claus_quadrature_decoder/claus_quadrature_decoder.srcs/constrs_1/new/basys3_master.xdc:173]
CRITICAL WARNING: [Common 17-55] 'set_property' expects at least one object. [C:/Users/claus/source/semesterprojekt/VHDL/claus_quadrature_decoder/claus_quadrature_decoder.srcs/constrs_1/new/basys3_master.xdc:173]
Resolution: If [get_<value>] was used to populate the object, check to make sure this command returns at least one valid object.
WARNING: [Vivado 12-584] No ports matched 'JB[7]'. [C:/Users/claus/source/semesterprojekt/VHDL/claus_quadrature_decoder/claus_quadrature_decoder.srcs/constrs_1/new/basys3_master.xdc:175]
CRITICAL WARNING: [Common 17-55] 'set_property' expects at least one object. [C:/Users/claus/source/semesterprojekt/VHDL/claus_quadrature_decoder/claus_quadrature_decoder.srcs/constrs_1/new/basys3_master.xdc:175]
Resolution: If [get_<value>] was used to populate the object, check to make sure this command returns at least one valid object.
WARNING: [Vivado 12-584] No ports matched 'JB[7]'. [C:/Users/claus/source/semesterprojekt/VHDL/claus_quadrature_decoder/claus_quadrature_decoder.srcs/constrs_1/new/basys3_master.xdc:176]
CRITICAL WARNING: [Common 17-55] 'set_property' expects at least one object. [C:/Users/claus/source/semesterprojekt/VHDL/claus_quadrature_decoder/claus_quadrature_decoder.srcs/constrs_1/new/basys3_master.xdc:176]
Resolution: If [get_<value>] was used to populate the object, check to make sure this command returns at least one valid object.
WARNING: [Vivado 12-584] No ports matched 'JC[0]'. [C:/Users/claus/source/semesterprojekt/VHDL/claus_quadrature_decoder/claus_quadrature_decoder.srcs/constrs_1/new/basys3_master.xdc:182]
CRITICAL WARNING: [Common 17-55] 'set_property' expects at least one object. [C:/Users/claus/source/semesterprojekt/VHDL/claus_quadrature_decoder/claus_quadrature_decoder.srcs/constrs_1/new/basys3_master.xdc:182]
Resolution: If [get_<value>] was used to populate the object, check to make sure this command returns at least one valid object.
WARNING: [Vivado 12-584] No ports matched 'JC[0]'. [C:/Users/claus/source/semesterprojekt/VHDL/claus_quadrature_decoder/claus_quadrature_decoder.srcs/constrs_1/new/basys3_master.xdc:183]
CRITICAL WARNING: [Common 17-55] 'set_property' expects at least one object. [C:/Users/claus/source/semesterprojekt/VHDL/claus_quadrature_decoder/claus_quadrature_decoder.srcs/constrs_1/new/basys3_master.xdc:183]
Resolution: If [get_<value>] was used to populate the object, check to make sure this command returns at least one valid object.
WARNING: [Vivado 12-584] No ports matched 'JC[1]'. [C:/Users/claus/source/semesterprojekt/VHDL/claus_quadrature_decoder/claus_quadrature_decoder.srcs/constrs_1/new/basys3_master.xdc:185]
CRITICAL WARNING: [Common 17-55] 'set_property' expects at least one object. [C:/Users/claus/source/semesterprojekt/VHDL/claus_quadrature_decoder/claus_quadrature_decoder.srcs/constrs_1/new/basys3_master.xdc:185]
Resolution: If [get_<value>] was used to populate the object, check to make sure this command returns at least one valid object.
WARNING: [Vivado 12-584] No ports matched 'JC[1]'. [C:/Users/claus/source/semesterprojekt/VHDL/claus_quadrature_decoder/claus_quadrature_decoder.srcs/constrs_1/new/basys3_master.xdc:186]
CRITICAL WARNING: [Common 17-55] 'set_property' expects at least one object. [C:/Users/claus/source/semesterprojekt/VHDL/claus_quadrature_decoder/claus_quadrature_decoder.srcs/constrs_1/new/basys3_master.xdc:186]
Resolution: If [get_<value>] was used to populate the object, check to make sure this command returns at least one valid object.
WARNING: [Vivado 12-584] No ports matched 'JC[2]'. [C:/Users/claus/source/semesterprojekt/VHDL/claus_quadrature_decoder/claus_quadrature_decoder.srcs/constrs_1/new/basys3_master.xdc:188]
CRITICAL WARNING: [Common 17-55] 'set_property' expects at least one object. [C:/Users/claus/source/semesterprojekt/VHDL/claus_quadrature_decoder/claus_quadrature_decoder.srcs/constrs_1/new/basys3_master.xdc:188]
Resolution: If [get_<value>] was used to populate the object, check to make sure this command returns at least one valid object.
WARNING: [Vivado 12-584] No ports matched 'JC[2]'. [C:/Users/claus/source/semesterprojekt/VHDL/claus_quadrature_decoder/claus_quadrature_decoder.srcs/constrs_1/new/basys3_master.xdc:189]
CRITICAL WARNING: [Common 17-55] 'set_property' expects at least one object. [C:/Users/claus/source/semesterprojekt/VHDL/claus_quadrature_decoder/claus_quadrature_decoder.srcs/constrs_1/new/basys3_master.xdc:189]
Resolution: If [get_<value>] was used to populate the object, check to make sure this command returns at least one valid object.
WARNING: [Vivado 12-584] No ports matched 'JC[3]'. [C:/Users/claus/source/semesterprojekt/VHDL/claus_quadrature_decoder/claus_quadrature_decoder.srcs/constrs_1/new/basys3_master.xdc:191]
CRITICAL WARNING: [Common 17-55] 'set_property' expects at least one object. [C:/Users/claus/source/semesterprojekt/VHDL/claus_quadrature_decoder/claus_quadrature_decoder.srcs/constrs_1/new/basys3_master.xdc:191]
Resolution: If [get_<value>] was used to populate the object, check to make sure this command returns at least one valid object.
WARNING: [Vivado 12-584] No ports matched 'JC[3]'. [C:/Users/claus/source/semesterprojekt/VHDL/claus_quadrature_decoder/claus_quadrature_decoder.srcs/constrs_1/new/basys3_master.xdc:192]
INFO: [Common 17-14] Message 'Vivado 12-584' appears 100 times and further instances of the messages will be disabled. Use the Tcl command set_msg_config to change the current settings. [C:/Users/claus/source/semesterprojekt/VHDL/claus_quadrature_decoder/claus_quadrature_decoder.srcs/constrs_1/new/basys3_master.xdc:192]
CRITICAL WARNING: [Common 17-55] 'set_property' expects at least one object. [C:/Users/claus/source/semesterprojekt/VHDL/claus_quadrature_decoder/claus_quadrature_decoder.srcs/constrs_1/new/basys3_master.xdc:192]
Resolution: If [get_<value>] was used to populate the object, check to make sure this command returns at least one valid object.
Finished Parsing XDC File [C:/Users/claus/source/semesterprojekt/VHDL/claus_quadrature_decoder/claus_quadrature_decoder.srcs/constrs_1/new/basys3_master.xdc]
INFO: [Project 1-236] Implementation specific constraints were found while reading constraint file [C:/Users/claus/source/semesterprojekt/VHDL/claus_quadrature_decoder/claus_quadrature_decoder.srcs/constrs_1/new/basys3_master.xdc]. These constraints will be ignored for synthesis but will be used in implementation. Impacted constraints are listed in the file [.Xil/component_mapper_propImpl.xdc].
Resolution: To avoid this warning, move constraints listed in [.Xil/component_mapper_propImpl.xdc] to another XDC file and exclude this new file from synthesis with the used_in_synthesis property (File Properties dialog in GUI) and re-run elaboration/synthesis.
Completed Processing XDC Constraints

Netlist sorting complete. Time (s): cpu = 00:00:00 ; elapsed = 00:00:00 . Memory (MB): peak = 990.879 ; gain = 0.000
INFO: [Project 1-111] Unisim Transformation Summary:
No Unisim elements were transformed.

Constraint Validation Runtime : Time (s): cpu = 00:00:00 ; elapsed = 00:00:00.002 . Memory (MB): peak = 990.879 ; gain = 0.000
---------------------------------------------------------------------------------
Finished Constraint Validation : Time (s): cpu = 00:00:15 ; elapsed = 00:00:17 . Memory (MB): peak = 990.879 ; gain = 389.824
---------------------------------------------------------------------------------
---------------------------------------------------------------------------------
Start Loading Part and Timing Information
---------------------------------------------------------------------------------
Loading part: xc7a35tcpg236-1
---------------------------------------------------------------------------------
Finished Loading Part and Timing Information : Time (s): cpu = 00:00:15 ; elapsed = 00:00:17 . Memory (MB): peak = 990.879 ; gain = 389.824
---------------------------------------------------------------------------------
---------------------------------------------------------------------------------
Start Applying 'set_property' XDC Constraints
---------------------------------------------------------------------------------
---------------------------------------------------------------------------------
Finished applying 'set_property' XDC Constraints : Time (s): cpu = 00:00:15 ; elapsed = 00:00:17 . Memory (MB): peak = 990.879 ; gain = 389.824
---------------------------------------------------------------------------------
INFO: [Synth 8-5818] HDL ADVISOR - The operator resource <adder> is shared. To prevent sharing consider applying a KEEP on the output of the operator [C:/Users/claus/source/semesterprojekt/VHDL/claus_quadrature_decoder/claus_quadrature_decoder.srcs/sources_1/new/quadratur_decoder.vhd:58]
---------------------------------------------------------------------------------
Finished RTL Optimization Phase 2 : Time (s): cpu = 00:00:15 ; elapsed = 00:00:17 . Memory (MB): peak = 990.879 ; gain = 389.824
---------------------------------------------------------------------------------

Report RTL Partitions: 
+-+--------------+------------+----------+
| |RTL Partition |Replication |Instances |
+-+--------------+------------+----------+
+-+--------------+------------+----------+
---------------------------------------------------------------------------------
Start RTL Component Statistics 
---------------------------------------------------------------------------------
Detailed RTL Component Info : 
+---Adders : 
	   2 Input     20 Bit       Adders := 1     
	   2 Input      8 Bit       Adders := 1     
	   2 Input      6 Bit       Adders := 1     
+---Registers : 
	               20 Bit    Registers := 1     
	                8 Bit    Registers := 1     
	                6 Bit    Registers := 2     
	                2 Bit    Registers := 1     
	                1 Bit    Registers := 1     
+---Muxes : 
	   2 Input     20 Bit        Muxes := 2     
	   9 Input      2 Bit        Muxes := 1     
	   9 Input      1 Bit        Muxes := 1     
---------------------------------------------------------------------------------
Finished RTL Component Statistics 
---------------------------------------------------------------------------------
---------------------------------------------------------------------------------
Start RTL Hierarchical Component Statistics 
---------------------------------------------------------------------------------
Hierarchical RTL Component report 
Module quadratur_decoder 
Detailed RTL Component Info : 
+---Adders : 
	   2 Input     20 Bit       Adders := 1     
	   2 Input      6 Bit       Adders := 1     
+---Registers : 
	               20 Bit    Registers := 1     
	                6 Bit    Registers := 2     
	                2 Bit    Registers := 1     
+---Muxes : 
	   2 Input     20 Bit        Muxes := 2     
	   9 Input      2 Bit        Muxes := 1     
	   9 Input      1 Bit        Muxes := 1     
Module pwm_control 
Detailed RTL Component Info : 
+---Adders : 
	   2 Input      8 Bit       Adders := 1     
+---Registers : 
	                8 Bit    Registers := 1     
	                1 Bit    Registers := 1     
---------------------------------------------------------------------------------
Finished RTL Hierarchical Component Statistics
---------------------------------------------------------------------------------
---------------------------------------------------------------------------------
Start Part Resource Summary
---------------------------------------------------------------------------------
Part Resources:
DSPs: 90 (col length:60)
BRAMs: 100 (col length: RAMB18 60 RAMB36 30)
---------------------------------------------------------------------------------
Finished Part Resource Summary
---------------------------------------------------------------------------------
---------------------------------------------------------------------------------
Start Cross Boundary and Area Optimization
---------------------------------------------------------------------------------
Warning: Parallel synthesis criteria is not met 
WARNING: [Synth 8-3917] design component_mapper has port led[15] driven by constant 0
WARNING: [Synth 8-3917] design component_mapper has port led[14] driven by constant 0
WARNING: [Synth 8-3917] design component_mapper has port led[13] driven by constant 0
WARNING: [Synth 8-3917] design component_mapper has port led[12] driven by constant 0
WARNING: [Synth 8-3917] design component_mapper has port led[11] driven by constant 0
WARNING: [Synth 8-3917] design component_mapper has port led[10] driven by constant 0
WARNING: [Synth 8-3917] design component_mapper has port led[9] driven by constant 0
WARNING: [Synth 8-3917] design component_mapper has port led[8] driven by constant 0
WARNING: [Synth 8-3917] design component_mapper has port led[7] driven by constant 0
WARNING: [Synth 8-3917] design component_mapper has port led[6] driven by constant 0
WARNING: [Synth 8-3917] design component_mapper has port led[5] driven by constant 0
WARNING: [Synth 8-3917] design component_mapper has port led[4] driven by constant 0
WARNING: [Synth 8-3917] design component_mapper has port led[3] driven by constant 0
WARNING: [Synth 8-3917] design component_mapper has port led[2] driven by constant 0
WARNING: [Synth 8-3917] design component_mapper has port led[1] driven by constant 0
---------------------------------------------------------------------------------
Finished Cross Boundary and Area Optimization : Time (s): cpu = 00:00:18 ; elapsed = 00:00:20 . Memory (MB): peak = 990.879 ; gain = 389.824
---------------------------------------------------------------------------------

Report RTL Partitions: 
+-+--------------+------------+----------+
| |RTL Partition |Replication |Instances |
+-+--------------+------------+----------+
+-+--------------+------------+----------+
---------------------------------------------------------------------------------
Start Applying XDC Timing Constraints
---------------------------------------------------------------------------------
---------------------------------------------------------------------------------
Finished Applying XDC Timing Constraints : Time (s): cpu = 00:00:26 ; elapsed = 00:00:29 . Memory (MB): peak = 990.879 ; gain = 389.824
---------------------------------------------------------------------------------
---------------------------------------------------------------------------------
Start Timing Optimization
---------------------------------------------------------------------------------
---------------------------------------------------------------------------------
Finished Timing Optimization : Time (s): cpu = 00:00:27 ; elapsed = 00:00:29 . Memory (MB): peak = 1002.957 ; gain = 401.902
---------------------------------------------------------------------------------

Report RTL Partitions: 
+-+--------------+------------+----------+
| |RTL Partition |Replication |Instances |
+-+--------------+------------+----------+
+-+--------------+------------+----------+
---------------------------------------------------------------------------------
Start Technology Mapping
---------------------------------------------------------------------------------
---------------------------------------------------------------------------------
Finished Technology Mapping : Time (s): cpu = 00:00:27 ; elapsed = 00:00:29 . Memory (MB): peak = 1002.957 ; gain = 401.902
---------------------------------------------------------------------------------

Report RTL Partitions: 
+-+--------------+------------+----------+
| |RTL Partition |Replication |Instances |
+-+--------------+------------+----------+
+-+--------------+------------+----------+
---------------------------------------------------------------------------------
Start IO Insertion
---------------------------------------------------------------------------------
---------------------------------------------------------------------------------
Start Flattening Before IO Insertion
---------------------------------------------------------------------------------
---------------------------------------------------------------------------------
Finished Flattening Before IO Insertion
---------------------------------------------------------------------------------
---------------------------------------------------------------------------------
Start Final Netlist Cleanup
---------------------------------------------------------------------------------
---------------------------------------------------------------------------------
Finished Final Netlist Cleanup
---------------------------------------------------------------------------------
---------------------------------------------------------------------------------
Finished IO Insertion : Time (s): cpu = 00:00:32 ; elapsed = 00:00:34 . Memory (MB): peak = 1011.000 ; gain = 409.945
---------------------------------------------------------------------------------
---------------------------------------------------------------------------------
Start Renaming Generated Instances
---------------------------------------------------------------------------------
---------------------------------------------------------------------------------
Finished Renaming Generated Instances : Time (s): cpu = 00:00:32 ; elapsed = 00:00:34 . Memory (MB): peak = 1011.000 ; gain = 409.945
---------------------------------------------------------------------------------

Report RTL Partitions: 
+-+--------------+------------+----------+
| |RTL Partition |Replication |Instances |
+-+--------------+------------+----------+
+-+--------------+------------+----------+

Report Check Netlist: 
+------+------------------+-------+---------+-------+------------------+
|      |Item              |Errors |Warnings |Status |Description       |
+------+------------------+-------+---------+-------+------------------+
|1     |multi_driven_nets |      0|        0|Passed |Multi driven nets |
+------+------------------+-------+---------+-------+------------------+
---------------------------------------------------------------------------------
Start Rebuilding User Hierarchy
---------------------------------------------------------------------------------
---------------------------------------------------------------------------------
Finished Rebuilding User Hierarchy : Time (s): cpu = 00:00:32 ; elapsed = 00:00:34 . Memory (MB): peak = 1011.000 ; gain = 409.945
---------------------------------------------------------------------------------
---------------------------------------------------------------------------------
Start Renaming Generated Ports
---------------------------------------------------------------------------------
---------------------------------------------------------------------------------
Finished Renaming Generated Ports : Time (s): cpu = 00:00:32 ; elapsed = 00:00:34 . Memory (MB): peak = 1011.000 ; gain = 409.945
---------------------------------------------------------------------------------
---------------------------------------------------------------------------------
Start Handling Custom Attributes
---------------------------------------------------------------------------------
---------------------------------------------------------------------------------
Finished Handling Custom Attributes : Time (s): cpu = 00:00:32 ; elapsed = 00:00:34 . Memory (MB): peak = 1011.000 ; gain = 409.945
---------------------------------------------------------------------------------
---------------------------------------------------------------------------------
Start Renaming Generated Nets
---------------------------------------------------------------------------------
---------------------------------------------------------------------------------
Finished Renaming Generated Nets : Time (s): cpu = 00:00:32 ; elapsed = 00:00:34 . Memory (MB): peak = 1011.000 ; gain = 409.945
---------------------------------------------------------------------------------
---------------------------------------------------------------------------------
Start Writing Synthesis Report
---------------------------------------------------------------------------------

Report BlackBoxes: 
+-+--------------+----------+
| |BlackBox name |Instances |
+-+--------------+----------+
+-+--------------+----------+

Report Cell Usage: 
+------+-------+------+
|      |Cell   |Count |
+------+-------+------+
|1     |BUFG   |     1|
|2     |CARRY4 |     7|
|3     |LUT1   |     2|
|4     |LUT2   |    19|
|5     |LUT3   |     2|
|6     |LUT4   |    15|
|7     |LUT5   |     6|
|8     |LUT6   |     8|
|9     |FDRE   |    42|
|10    |FDSE   |     1|
|11    |IBUF   |     4|
|12    |OBUF   |    16|
+------+-------+------+

Report Instance Areas: 
+------+-----------------+------------------+------+
|      |Instance         |Module            |Cells |
+------+-----------------+------------------+------+
|1     |top              |                  |   123|
|2     |  motor_feedback |quadratur_decoder |    77|
|3     |  motor_input    |pwm_control       |    25|
+------+-----------------+------------------+------+
---------------------------------------------------------------------------------
Finished Writing Synthesis Report : Time (s): cpu = 00:00:32 ; elapsed = 00:00:34 . Memory (MB): peak = 1011.000 ; gain = 409.945
---------------------------------------------------------------------------------
Synthesis finished with 0 errors, 0 critical warnings and 15 warnings.
Synthesis Optimization Runtime : Time (s): cpu = 00:00:22 ; elapsed = 00:00:32 . Memory (MB): peak = 1011.000 ; gain = 325.969
Synthesis Optimization Complete : Time (s): cpu = 00:00:32 ; elapsed = 00:00:34 . Memory (MB): peak = 1011.000 ; gain = 409.945
INFO: [Project 1-571] Translating synthesized netlist
Netlist sorting complete. Time (s): cpu = 00:00:00 ; elapsed = 00:00:00.001 . Memory (MB): peak = 1023.055 ; gain = 0.000
INFO: [Netlist 29-17] Analyzing 7 Unisim elements for replacement
INFO: [Netlist 29-28] Unisim Transformation completed in 0 CPU seconds
INFO: [Project 1-570] Preparing netlist for logic optimization
INFO: [Opt 31-138] Pushed 0 inverter(s) to 0 load pin(s).
Netlist sorting complete. Time (s): cpu = 00:00:00 ; elapsed = 00:00:00 . Memory (MB): peak = 1023.055 ; gain = 0.000
INFO: [Project 1-111] Unisim Transformation Summary:
No Unisim elements were transformed.

INFO: [Common 17-83] Releasing license: Synthesis
22 Infos, 130 Warnings, 100 Critical Warnings and 0 Errors encountered.
synth_design completed successfully
synth_design: Time (s): cpu = 00:00:40 ; elapsed = 00:00:45 . Memory (MB): peak = 1023.055 ; gain = 718.422
Netlist sorting complete. Time (s): cpu = 00:00:00 ; elapsed = 00:00:00 . Memory (MB): peak = 1023.055 ; gain = 0.000
WARNING: [Constraints 18-5210] No constraints selected for write.
Resolution: This message can indicate that there are no constraints for the design, or it can indicate that the used_in flags are set such that the constraints are ignored. This later case is used when running synth_design to not write synthesis constraints to the resulting checkpoint. Instead, project constraints are read when the synthesized design is opened.
INFO: [Common 17-1381] The checkpoint 'C:/Users/claus/source/semesterprojekt/VHDL/claus_quadrature_decoder/claus_quadrature_decoder.runs/synth_1/component_mapper.dcp' has been generated.
INFO: [runtcl-4] Executing : report_utilization -file component_mapper_utilization_synth.rpt -pb component_mapper_utilization_synth.pb
INFO: [Common 17-206] Exiting Vivado at Fri Mar 27 22:55:56 2020...
