
*** Running vivado
    with args -log robot_simulation_quadratur_decoder_0_1.vds -m64 -product Vivado -mode batch -messageDb vivado.pb -notrace -source robot_simulation_quadratur_decoder_0_1.tcl


****** Vivado v2019.2 (64-bit)
  **** SW Build 2708876 on Wed Nov  6 21:40:23 MST 2019
  **** IP Build 2700528 on Thu Nov  7 00:09:20 MST 2019
    ** Copyright 1986-2019 Xilinx, Inc. All Rights Reserved.

source robot_simulation_quadratur_decoder_0_1.tcl -notrace
Command: synth_design -top robot_simulation_quadratur_decoder_0_1 -part xc7a35tcpg236-1 -mode out_of_context
Starting synth_design
WARNING: [IP_Flow 19-3571] IP 'robot_simulation_quadratur_decoder_0_1' is restricted:
* Module reference is stale and needs refreshing.
Attempting to get a license for feature 'Synthesis' and/or device 'xc7a35t'
INFO: [Common 17-349] Got license for feature 'Synthesis' and/or device 'xc7a35t'
INFO: Launching helper process for spawning children vivado processes
INFO: Helper process launched with PID 16944 
---------------------------------------------------------------------------------
Starting Synthesize : Time (s): cpu = 00:00:09 ; elapsed = 00:00:14 . Memory (MB): peak = 582.566 ; gain = 245.777
---------------------------------------------------------------------------------
INFO: [Synth 8-638] synthesizing module 'robot_simulation_quadratur_decoder_0_1' [c:/Users/claus/source/semesterprojekt/VHDL/Atrix7/Atrix7.srcs/sources_1/bd/robot_simulation/ip/robot_simulation_quadratur_decoder_0_1/synth/robot_simulation_quadratur_decoder_0_1.vhd:65]
INFO: [Synth 8-3491] module 'quadratur_decoder' declared at 'C:/Users/claus/source/semesterprojekt/VHDL/Atrix7/Atrix7.srcs/sources_1/new/quadratur_decoder.vhd:37' bound to instance 'U0' of component 'quadratur_decoder' [c:/Users/claus/source/semesterprojekt/VHDL/Atrix7/Atrix7.srcs/sources_1/bd/robot_simulation/ip/robot_simulation_quadratur_decoder_0_1/synth/robot_simulation_quadratur_decoder_0_1.vhd:89]
INFO: [Synth 8-638] synthesizing module 'quadratur_decoder' [C:/Users/claus/source/semesterprojekt/VHDL/Atrix7/Atrix7.srcs/sources_1/new/quadratur_decoder.vhd:46]
INFO: [Synth 8-256] done synthesizing module 'quadratur_decoder' (1#1) [C:/Users/claus/source/semesterprojekt/VHDL/Atrix7/Atrix7.srcs/sources_1/new/quadratur_decoder.vhd:46]
INFO: [Synth 8-256] done synthesizing module 'robot_simulation_quadratur_decoder_0_1' (2#1) [c:/Users/claus/source/semesterprojekt/VHDL/Atrix7/Atrix7.srcs/sources_1/bd/robot_simulation/ip/robot_simulation_quadratur_decoder_0_1/synth/robot_simulation_quadratur_decoder_0_1.vhd:65]
---------------------------------------------------------------------------------
Finished Synthesize : Time (s): cpu = 00:00:11 ; elapsed = 00:00:18 . Memory (MB): peak = 654.996 ; gain = 318.207
---------------------------------------------------------------------------------
---------------------------------------------------------------------------------
Finished Constraint Validation : Time (s): cpu = 00:00:12 ; elapsed = 00:00:19 . Memory (MB): peak = 654.996 ; gain = 318.207
---------------------------------------------------------------------------------
---------------------------------------------------------------------------------
Start Loading Part and Timing Information
---------------------------------------------------------------------------------
Loading part: xc7a35tcpg236-1
---------------------------------------------------------------------------------
Finished Loading Part and Timing Information : Time (s): cpu = 00:00:12 ; elapsed = 00:00:19 . Memory (MB): peak = 654.996 ; gain = 318.207
---------------------------------------------------------------------------------
INFO: [Device 21-403] Loading part xc7a35tcpg236-1
INFO: [Synth 8-5818] HDL ADVISOR - The operator resource <adder> is shared. To prevent sharing consider applying a KEEP on the output of the operator [C:/Users/claus/source/semesterprojekt/VHDL/Atrix7/Atrix7.srcs/sources_1/new/quadratur_decoder.vhd:60]
---------------------------------------------------------------------------------
Finished RTL Optimization Phase 2 : Time (s): cpu = 00:00:12 ; elapsed = 00:00:20 . Memory (MB): peak = 654.996 ; gain = 318.207
---------------------------------------------------------------------------------

Report RTL Partitions: 
+-+--------------+------------+----------+
| |RTL Partition |Replication |Instances |
+-+--------------+------------+----------+
+-+--------------+------------+----------+
No constraint files found.
---------------------------------------------------------------------------------
Start RTL Component Statistics 
---------------------------------------------------------------------------------
Detailed RTL Component Info : 
+---Adders : 
	   2 Input     20 Bit       Adders := 2     
	   2 Input     15 Bit       Adders := 1     
+---Registers : 
	               20 Bit    Registers := 2     
	               15 Bit    Registers := 2     
	                2 Bit    Registers := 1     
	                1 Bit    Registers := 2     
+---Muxes : 
	   2 Input     20 Bit        Muxes := 2     
	   2 Input     16 Bit        Muxes := 1     
	   2 Input     15 Bit        Muxes := 2     
	   9 Input      2 Bit        Muxes := 1     
	  10 Input      1 Bit        Muxes := 1     
	   2 Input      1 Bit        Muxes := 1     
---------------------------------------------------------------------------------
Finished RTL Component Statistics 
---------------------------------------------------------------------------------
---------------------------------------------------------------------------------
Start RTL Hierarchical Component Statistics 
---------------------------------------------------------------------------------
Hierarchical RTL Component report 
Module quadratur_decoder 
Detailed RTL Component Info : 
+---Adders : 
	   2 Input     20 Bit       Adders := 2     
	   2 Input     15 Bit       Adders := 1     
+---Registers : 
	               20 Bit    Registers := 2     
	               15 Bit    Registers := 2     
	                2 Bit    Registers := 1     
	                1 Bit    Registers := 2     
+---Muxes : 
	   2 Input     20 Bit        Muxes := 2     
	   2 Input     16 Bit        Muxes := 1     
	   2 Input     15 Bit        Muxes := 2     
	   9 Input      2 Bit        Muxes := 1     
	  10 Input      1 Bit        Muxes := 1     
	   2 Input      1 Bit        Muxes := 1     
---------------------------------------------------------------------------------
Finished RTL Hierarchical Component Statistics
---------------------------------------------------------------------------------
---------------------------------------------------------------------------------
Start Part Resource Summary
---------------------------------------------------------------------------------
Part Resources:
DSPs: 90 (col length:60)
BRAMs: 100 (col length: RAMB18 60 RAMB36 30)
---------------------------------------------------------------------------------
Finished Part Resource Summary
---------------------------------------------------------------------------------
No constraint files found.
---------------------------------------------------------------------------------
Start Cross Boundary and Area Optimization
---------------------------------------------------------------------------------
Warning: Parallel synthesis criteria is not met 
INFO: [Synth 8-3886] merging instance 'U0/debounce_counter_A_reg[19]' (FD) to 'U0/debounce_counter_A_reg[18]'
INFO: [Synth 8-3886] merging instance 'U0/debounce_counter_A_reg[18]' (FD) to 'U0/debounce_counter_A_reg[17]'
INFO: [Synth 8-3886] merging instance 'U0/debounce_counter_A_reg[17]' (FD) to 'U0/debounce_counter_A_reg[16]'
INFO: [Synth 8-3333] propagating constant 1 across sequential element (\U0/debounce_counter_A_reg[16] )
---------------------------------------------------------------------------------
Finished Cross Boundary and Area Optimization : Time (s): cpu = 00:00:21 ; elapsed = 00:00:36 . Memory (MB): peak = 802.090 ; gain = 465.301
---------------------------------------------------------------------------------

Report RTL Partitions: 
+-+--------------+------------+----------+
| |RTL Partition |Replication |Instances |
+-+--------------+------------+----------+
+-+--------------+------------+----------+
No constraint files found.
---------------------------------------------------------------------------------
Start Timing Optimization
---------------------------------------------------------------------------------
---------------------------------------------------------------------------------
Finished Timing Optimization : Time (s): cpu = 00:00:21 ; elapsed = 00:00:36 . Memory (MB): peak = 806.359 ; gain = 469.570
---------------------------------------------------------------------------------

Report RTL Partitions: 
+-+--------------+------------+----------+
| |RTL Partition |Replication |Instances |
+-+--------------+------------+----------+
+-+--------------+------------+----------+
---------------------------------------------------------------------------------
Start Technology Mapping
---------------------------------------------------------------------------------
INFO: [Synth 8-3886] merging instance 'U0/preval_B_reg' (FDE) to 'U0/preposition_reg[1]'
---------------------------------------------------------------------------------
Finished Technology Mapping : Time (s): cpu = 00:00:22 ; elapsed = 00:00:36 . Memory (MB): peak = 806.359 ; gain = 469.570
---------------------------------------------------------------------------------

Report RTL Partitions: 
+-+--------------+------------+----------+
| |RTL Partition |Replication |Instances |
+-+--------------+------------+----------+
+-+--------------+------------+----------+
---------------------------------------------------------------------------------
Start IO Insertion
---------------------------------------------------------------------------------
---------------------------------------------------------------------------------
Start Flattening Before IO Insertion
---------------------------------------------------------------------------------
---------------------------------------------------------------------------------
Finished Flattening Before IO Insertion
---------------------------------------------------------------------------------
---------------------------------------------------------------------------------
Start Final Netlist Cleanup
---------------------------------------------------------------------------------
---------------------------------------------------------------------------------
Finished Final Netlist Cleanup
---------------------------------------------------------------------------------
---------------------------------------------------------------------------------
Finished IO Insertion : Time (s): cpu = 00:00:36 ; elapsed = 00:01:01 . Memory (MB): peak = 806.359 ; gain = 469.570
---------------------------------------------------------------------------------
---------------------------------------------------------------------------------
Start Renaming Generated Instances
---------------------------------------------------------------------------------
---------------------------------------------------------------------------------
Finished Renaming Generated Instances : Time (s): cpu = 00:00:36 ; elapsed = 00:01:01 . Memory (MB): peak = 806.359 ; gain = 469.570
---------------------------------------------------------------------------------

Report RTL Partitions: 
+-+--------------+------------+----------+
| |RTL Partition |Replication |Instances |
+-+--------------+------------+----------+
+-+--------------+------------+----------+

Report Check Netlist: 
+------+------------------+-------+---------+-------+------------------+
|      |Item              |Errors |Warnings |Status |Description       |
+------+------------------+-------+---------+-------+------------------+
|1     |multi_driven_nets |      0|        0|Passed |Multi driven nets |
+------+------------------+-------+---------+-------+------------------+
---------------------------------------------------------------------------------
Start Rebuilding User Hierarchy
---------------------------------------------------------------------------------
---------------------------------------------------------------------------------
Finished Rebuilding User Hierarchy : Time (s): cpu = 00:00:36 ; elapsed = 00:01:01 . Memory (MB): peak = 806.359 ; gain = 469.570
---------------------------------------------------------------------------------
---------------------------------------------------------------------------------
Start Renaming Generated Ports
---------------------------------------------------------------------------------
---------------------------------------------------------------------------------
Finished Renaming Generated Ports : Time (s): cpu = 00:00:36 ; elapsed = 00:01:01 . Memory (MB): peak = 806.359 ; gain = 469.570
---------------------------------------------------------------------------------
---------------------------------------------------------------------------------
Start Handling Custom Attributes
---------------------------------------------------------------------------------
---------------------------------------------------------------------------------
Finished Handling Custom Attributes : Time (s): cpu = 00:00:36 ; elapsed = 00:01:01 . Memory (MB): peak = 806.359 ; gain = 469.570
---------------------------------------------------------------------------------
---------------------------------------------------------------------------------
Start Renaming Generated Nets
---------------------------------------------------------------------------------
---------------------------------------------------------------------------------
Finished Renaming Generated Nets : Time (s): cpu = 00:00:36 ; elapsed = 00:01:01 . Memory (MB): peak = 806.359 ; gain = 469.570
---------------------------------------------------------------------------------
---------------------------------------------------------------------------------
Start Writing Synthesis Report
---------------------------------------------------------------------------------

Report BlackBoxes: 
+-+--------------+----------+
| |BlackBox name |Instances |
+-+--------------+----------+
+-+--------------+----------+

Report Cell Usage: 
+------+-------+------+
|      |Cell   |Count |
+------+-------+------+
|1     |CARRY4 |     9|
|2     |LUT1   |     1|
|3     |LUT2   |    20|
|4     |LUT3   |    25|
|5     |LUT4   |     2|
|6     |LUT5   |     2|
|7     |LUT6   |     6|
|8     |FDRE   |    52|
+------+-------+------+

Report Instance Areas: 
+------+---------+------------------+------+
|      |Instance |Module            |Cells |
+------+---------+------------------+------+
|1     |top      |                  |   117|
|2     |  U0     |quadratur_decoder |   117|
+------+---------+------------------+------+
---------------------------------------------------------------------------------
Finished Writing Synthesis Report : Time (s): cpu = 00:00:36 ; elapsed = 00:01:01 . Memory (MB): peak = 806.359 ; gain = 469.570
---------------------------------------------------------------------------------
Synthesis finished with 0 errors, 0 critical warnings and 0 warnings.
Synthesis Optimization Runtime : Time (s): cpu = 00:00:36 ; elapsed = 00:01:02 . Memory (MB): peak = 806.359 ; gain = 469.570
Synthesis Optimization Complete : Time (s): cpu = 00:00:36 ; elapsed = 00:01:02 . Memory (MB): peak = 806.359 ; gain = 469.570
INFO: [Project 1-571] Translating synthesized netlist
Netlist sorting complete. Time (s): cpu = 00:00:00 ; elapsed = 00:00:00.003 . Memory (MB): peak = 818.492 ; gain = 0.000
INFO: [Netlist 29-17] Analyzing 9 Unisim elements for replacement
INFO: [Netlist 29-28] Unisim Transformation completed in 0 CPU seconds
INFO: [Project 1-570] Preparing netlist for logic optimization
INFO: [Opt 31-138] Pushed 0 inverter(s) to 0 load pin(s).
Netlist sorting complete. Time (s): cpu = 00:00:00 ; elapsed = 00:00:00 . Memory (MB): peak = 913.215 ; gain = 0.000
INFO: [Project 1-111] Unisim Transformation Summary:
No Unisim elements were transformed.

INFO: [Common 17-83] Releasing license: Synthesis
20 Infos, 1 Warnings, 0 Critical Warnings and 0 Errors encountered.
synth_design completed successfully
synth_design: Time (s): cpu = 00:00:44 ; elapsed = 00:01:25 . Memory (MB): peak = 913.215 ; gain = 583.652
Netlist sorting complete. Time (s): cpu = 00:00:00 ; elapsed = 00:00:00 . Memory (MB): peak = 913.215 ; gain = 0.000
WARNING: [Constraints 18-5210] No constraints selected for write.
Resolution: This message can indicate that there are no constraints for the design, or it can indicate that the used_in flags are set such that the constraints are ignored. This later case is used when running synth_design to not write synthesis constraints to the resulting checkpoint. Instead, project constraints are read when the synthesized design is opened.
INFO: [Timing 38-35] Done setting XDC timing constraints.
INFO: [Common 17-1381] The checkpoint 'C:/Users/claus/source/semesterprojekt/VHDL/Atrix7/Atrix7.runs/robot_simulation_quadratur_decoder_0_1_synth_1/robot_simulation_quadratur_decoder_0_1.dcp' has been generated.
write_checkpoint: Time (s): cpu = 00:00:20 ; elapsed = 00:00:34 . Memory (MB): peak = 1325.531 ; gain = 412.316
WARNING: [Common 17-576] 'use_project_ipc' is deprecated. This option is deprecated and no longer used.
Netlist sorting complete. Time (s): cpu = 00:00:00 ; elapsed = 00:00:00 . Memory (MB): peak = 1326.645 ; gain = 0.000
WARNING: [Constraints 18-5210] No constraints selected for write.
Resolution: This message can indicate that there are no constraints for the design, or it can indicate that the used_in flags are set such that the constraints are ignored. This later case is used when running synth_design to not write synthesis constraints to the resulting checkpoint. Instead, project constraints are read when the synthesized design is opened.
INFO: [Common 17-1381] The checkpoint 'C:/Users/claus/source/semesterprojekt/VHDL/Atrix7/Atrix7.runs/robot_simulation_quadratur_decoder_0_1_synth_1/robot_simulation_quadratur_decoder_0_1.dcp' has been generated.
INFO: [runtcl-4] Executing : report_utilization -file robot_simulation_quadratur_decoder_0_1_utilization_synth.rpt -pb robot_simulation_quadratur_decoder_0_1_utilization_synth.pb
INFO: [Common 17-206] Exiting Vivado at Sun May 17 18:30:49 2020...
