
*** Running vivado
    with args -log component_mapper.vds -m64 -product Vivado -mode batch -messageDb vivado.pb -notrace -source component_mapper.tcl


****** Vivado v2019.2 (64-bit)
  **** SW Build 2708876 on Wed Nov  6 21:40:23 MST 2019
  **** IP Build 2700528 on Thu Nov  7 00:09:20 MST 2019
    ** Copyright 1986-2019 Xilinx, Inc. All Rights Reserved.

source component_mapper.tcl -notrace
Command: synth_design -top component_mapper -part xc7a35tcpg236-1
Starting synth_design
Attempting to get a license for feature 'Synthesis' and/or device 'xc7a35t'
INFO: [Common 17-349] Got license for feature 'Synthesis' and/or device 'xc7a35t'
INFO: [Device 21-403] Loading part xc7a35tcpg236-1
INFO: Launching helper process for spawning children vivado processes
INFO: Helper process launched with PID 23136 
---------------------------------------------------------------------------------
Starting RTL Elaboration : Time (s): cpu = 00:00:06 ; elapsed = 00:00:06 . Memory (MB): peak = 834.813 ; gain = 234.191
---------------------------------------------------------------------------------
INFO: [Synth 8-638] synthesizing module 'component_mapper' [C:/Users/claus/source/semesterprojekt/VHDL/claus_playground/claus_playground.srcs/sources_1/new/component_mapper.vhd:49]
INFO: [Synth 8-3491] module 'SPI' declared at 'C:/Users/claus/source/semesterprojekt/VHDL/claus_playground/claus_playground.srcs/sources_1/new/SPI.vhd:34' bound to instance 'communication' of component 'spi' [C:/Users/claus/source/semesterprojekt/VHDL/claus_playground/claus_playground.srcs/sources_1/new/component_mapper.vhd:98]
INFO: [Synth 8-638] synthesizing module 'SPI' [C:/Users/claus/source/semesterprojekt/VHDL/claus_playground/claus_playground.srcs/sources_1/new/SPI.vhd:49]
INFO: [Synth 8-256] done synthesizing module 'SPI' (1#1) [C:/Users/claus/source/semesterprojekt/VHDL/claus_playground/claus_playground.srcs/sources_1/new/SPI.vhd:49]
INFO: [Synth 8-256] done synthesizing module 'component_mapper' (2#1) [C:/Users/claus/source/semesterprojekt/VHDL/claus_playground/claus_playground.srcs/sources_1/new/component_mapper.vhd:49]
WARNING: [Synth 8-3331] design component_mapper has unconnected port btnC
---------------------------------------------------------------------------------
Finished RTL Elaboration : Time (s): cpu = 00:00:07 ; elapsed = 00:00:07 . Memory (MB): peak = 908.039 ; gain = 307.418
---------------------------------------------------------------------------------

Report Check Netlist: 
+------+------------------+-------+---------+-------+------------------+
|      |Item              |Errors |Warnings |Status |Description       |
+------+------------------+-------+---------+-------+------------------+
|1     |multi_driven_nets |      0|        0|Passed |Multi driven nets |
+------+------------------+-------+---------+-------+------------------+
---------------------------------------------------------------------------------
Start Handling Custom Attributes
---------------------------------------------------------------------------------
---------------------------------------------------------------------------------
Finished Handling Custom Attributes : Time (s): cpu = 00:00:07 ; elapsed = 00:00:08 . Memory (MB): peak = 908.039 ; gain = 307.418
---------------------------------------------------------------------------------
---------------------------------------------------------------------------------
Finished RTL Optimization Phase 1 : Time (s): cpu = 00:00:07 ; elapsed = 00:00:08 . Memory (MB): peak = 908.039 ; gain = 307.418
---------------------------------------------------------------------------------
Netlist sorting complete. Time (s): cpu = 00:00:00 ; elapsed = 00:00:00.002 . Memory (MB): peak = 908.039 ; gain = 0.000
INFO: [Project 1-570] Preparing netlist for logic optimization

Processing XDC Constraints
Initializing timing engine
Parsing XDC File [C:/Users/claus/source/semesterprojekt/VHDL/claus_playground/claus_playground.srcs/constrs_1/new/basys3_master.xdc]
WARNING: [Vivado 12-584] No ports matched 'sw[0]'. [C:/Users/claus/source/semesterprojekt/VHDL/claus_playground/claus_playground.srcs/constrs_1/new/basys3_master.xdc:12]
CRITICAL WARNING: [Common 17-55] 'set_property' expects at least one object. [C:/Users/claus/source/semesterprojekt/VHDL/claus_playground/claus_playground.srcs/constrs_1/new/basys3_master.xdc:12]
Resolution: If [get_<value>] was used to populate the object, check to make sure this command returns at least one valid object.
WARNING: [Vivado 12-584] No ports matched 'sw[0]'. [C:/Users/claus/source/semesterprojekt/VHDL/claus_playground/claus_playground.srcs/constrs_1/new/basys3_master.xdc:13]
CRITICAL WARNING: [Common 17-55] 'set_property' expects at least one object. [C:/Users/claus/source/semesterprojekt/VHDL/claus_playground/claus_playground.srcs/constrs_1/new/basys3_master.xdc:13]
Resolution: If [get_<value>] was used to populate the object, check to make sure this command returns at least one valid object.
WARNING: [Vivado 12-584] No ports matched 'sw[1]'. [C:/Users/claus/source/semesterprojekt/VHDL/claus_playground/claus_playground.srcs/constrs_1/new/basys3_master.xdc:14]
CRITICAL WARNING: [Common 17-55] 'set_property' expects at least one object. [C:/Users/claus/source/semesterprojekt/VHDL/claus_playground/claus_playground.srcs/constrs_1/new/basys3_master.xdc:14]
Resolution: If [get_<value>] was used to populate the object, check to make sure this command returns at least one valid object.
WARNING: [Vivado 12-584] No ports matched 'sw[1]'. [C:/Users/claus/source/semesterprojekt/VHDL/claus_playground/claus_playground.srcs/constrs_1/new/basys3_master.xdc:15]
CRITICAL WARNING: [Common 17-55] 'set_property' expects at least one object. [C:/Users/claus/source/semesterprojekt/VHDL/claus_playground/claus_playground.srcs/constrs_1/new/basys3_master.xdc:15]
Resolution: If [get_<value>] was used to populate the object, check to make sure this command returns at least one valid object.
WARNING: [Vivado 12-584] No ports matched 'sw[2]'. [C:/Users/claus/source/semesterprojekt/VHDL/claus_playground/claus_playground.srcs/constrs_1/new/basys3_master.xdc:16]
CRITICAL WARNING: [Common 17-55] 'set_property' expects at least one object. [C:/Users/claus/source/semesterprojekt/VHDL/claus_playground/claus_playground.srcs/constrs_1/new/basys3_master.xdc:16]
Resolution: If [get_<value>] was used to populate the object, check to make sure this command returns at least one valid object.
WARNING: [Vivado 12-584] No ports matched 'sw[2]'. [C:/Users/claus/source/semesterprojekt/VHDL/claus_playground/claus_playground.srcs/constrs_1/new/basys3_master.xdc:17]
CRITICAL WARNING: [Common 17-55] 'set_property' expects at least one object. [C:/Users/claus/source/semesterprojekt/VHDL/claus_playground/claus_playground.srcs/constrs_1/new/basys3_master.xdc:17]
Resolution: If [get_<value>] was used to populate the object, check to make sure this command returns at least one valid object.
WARNING: [Vivado 12-584] No ports matched 'sw[3]'. [C:/Users/claus/source/semesterprojekt/VHDL/claus_playground/claus_playground.srcs/constrs_1/new/basys3_master.xdc:18]
CRITICAL WARNING: [Common 17-55] 'set_property' expects at least one object. [C:/Users/claus/source/semesterprojekt/VHDL/claus_playground/claus_playground.srcs/constrs_1/new/basys3_master.xdc:18]
Resolution: If [get_<value>] was used to populate the object, check to make sure this command returns at least one valid object.
WARNING: [Vivado 12-584] No ports matched 'sw[3]'. [C:/Users/claus/source/semesterprojekt/VHDL/claus_playground/claus_playground.srcs/constrs_1/new/basys3_master.xdc:19]
CRITICAL WARNING: [Common 17-55] 'set_property' expects at least one object. [C:/Users/claus/source/semesterprojekt/VHDL/claus_playground/claus_playground.srcs/constrs_1/new/basys3_master.xdc:19]
Resolution: If [get_<value>] was used to populate the object, check to make sure this command returns at least one valid object.
WARNING: [Vivado 12-584] No ports matched 'sw[4]'. [C:/Users/claus/source/semesterprojekt/VHDL/claus_playground/claus_playground.srcs/constrs_1/new/basys3_master.xdc:20]
CRITICAL WARNING: [Common 17-55] 'set_property' expects at least one object. [C:/Users/claus/source/semesterprojekt/VHDL/claus_playground/claus_playground.srcs/constrs_1/new/basys3_master.xdc:20]
Resolution: If [get_<value>] was used to populate the object, check to make sure this command returns at least one valid object.
WARNING: [Vivado 12-584] No ports matched 'sw[4]'. [C:/Users/claus/source/semesterprojekt/VHDL/claus_playground/claus_playground.srcs/constrs_1/new/basys3_master.xdc:21]
CRITICAL WARNING: [Common 17-55] 'set_property' expects at least one object. [C:/Users/claus/source/semesterprojekt/VHDL/claus_playground/claus_playground.srcs/constrs_1/new/basys3_master.xdc:21]
Resolution: If [get_<value>] was used to populate the object, check to make sure this command returns at least one valid object.
WARNING: [Vivado 12-584] No ports matched 'sw[5]'. [C:/Users/claus/source/semesterprojekt/VHDL/claus_playground/claus_playground.srcs/constrs_1/new/basys3_master.xdc:22]
CRITICAL WARNING: [Common 17-55] 'set_property' expects at least one object. [C:/Users/claus/source/semesterprojekt/VHDL/claus_playground/claus_playground.srcs/constrs_1/new/basys3_master.xdc:22]
Resolution: If [get_<value>] was used to populate the object, check to make sure this command returns at least one valid object.
WARNING: [Vivado 12-584] No ports matched 'sw[5]'. [C:/Users/claus/source/semesterprojekt/VHDL/claus_playground/claus_playground.srcs/constrs_1/new/basys3_master.xdc:23]
CRITICAL WARNING: [Common 17-55] 'set_property' expects at least one object. [C:/Users/claus/source/semesterprojekt/VHDL/claus_playground/claus_playground.srcs/constrs_1/new/basys3_master.xdc:23]
Resolution: If [get_<value>] was used to populate the object, check to make sure this command returns at least one valid object.
WARNING: [Vivado 12-584] No ports matched 'sw[6]'. [C:/Users/claus/source/semesterprojekt/VHDL/claus_playground/claus_playground.srcs/constrs_1/new/basys3_master.xdc:24]
CRITICAL WARNING: [Common 17-55] 'set_property' expects at least one object. [C:/Users/claus/source/semesterprojekt/VHDL/claus_playground/claus_playground.srcs/constrs_1/new/basys3_master.xdc:24]
Resolution: If [get_<value>] was used to populate the object, check to make sure this command returns at least one valid object.
WARNING: [Vivado 12-584] No ports matched 'sw[6]'. [C:/Users/claus/source/semesterprojekt/VHDL/claus_playground/claus_playground.srcs/constrs_1/new/basys3_master.xdc:25]
CRITICAL WARNING: [Common 17-55] 'set_property' expects at least one object. [C:/Users/claus/source/semesterprojekt/VHDL/claus_playground/claus_playground.srcs/constrs_1/new/basys3_master.xdc:25]
Resolution: If [get_<value>] was used to populate the object, check to make sure this command returns at least one valid object.
WARNING: [Vivado 12-584] No ports matched 'sw[7]'. [C:/Users/claus/source/semesterprojekt/VHDL/claus_playground/claus_playground.srcs/constrs_1/new/basys3_master.xdc:26]
CRITICAL WARNING: [Common 17-55] 'set_property' expects at least one object. [C:/Users/claus/source/semesterprojekt/VHDL/claus_playground/claus_playground.srcs/constrs_1/new/basys3_master.xdc:26]
Resolution: If [get_<value>] was used to populate the object, check to make sure this command returns at least one valid object.
WARNING: [Vivado 12-584] No ports matched 'sw[7]'. [C:/Users/claus/source/semesterprojekt/VHDL/claus_playground/claus_playground.srcs/constrs_1/new/basys3_master.xdc:27]
CRITICAL WARNING: [Common 17-55] 'set_property' expects at least one object. [C:/Users/claus/source/semesterprojekt/VHDL/claus_playground/claus_playground.srcs/constrs_1/new/basys3_master.xdc:27]
Resolution: If [get_<value>] was used to populate the object, check to make sure this command returns at least one valid object.
WARNING: [Vivado 12-584] No ports matched 'sw[8]'. [C:/Users/claus/source/semesterprojekt/VHDL/claus_playground/claus_playground.srcs/constrs_1/new/basys3_master.xdc:28]
CRITICAL WARNING: [Common 17-55] 'set_property' expects at least one object. [C:/Users/claus/source/semesterprojekt/VHDL/claus_playground/claus_playground.srcs/constrs_1/new/basys3_master.xdc:28]
Resolution: If [get_<value>] was used to populate the object, check to make sure this command returns at least one valid object.
WARNING: [Vivado 12-584] No ports matched 'sw[8]'. [C:/Users/claus/source/semesterprojekt/VHDL/claus_playground/claus_playground.srcs/constrs_1/new/basys3_master.xdc:29]
CRITICAL WARNING: [Common 17-55] 'set_property' expects at least one object. [C:/Users/claus/source/semesterprojekt/VHDL/claus_playground/claus_playground.srcs/constrs_1/new/basys3_master.xdc:29]
Resolution: If [get_<value>] was used to populate the object, check to make sure this command returns at least one valid object.
WARNING: [Vivado 12-584] No ports matched 'sw[9]'. [C:/Users/claus/source/semesterprojekt/VHDL/claus_playground/claus_playground.srcs/constrs_1/new/basys3_master.xdc:30]
CRITICAL WARNING: [Common 17-55] 'set_property' expects at least one object. [C:/Users/claus/source/semesterprojekt/VHDL/claus_playground/claus_playground.srcs/constrs_1/new/basys3_master.xdc:30]
Resolution: If [get_<value>] was used to populate the object, check to make sure this command returns at least one valid object.
WARNING: [Vivado 12-584] No ports matched 'sw[9]'. [C:/Users/claus/source/semesterprojekt/VHDL/claus_playground/claus_playground.srcs/constrs_1/new/basys3_master.xdc:31]
CRITICAL WARNING: [Common 17-55] 'set_property' expects at least one object. [C:/Users/claus/source/semesterprojekt/VHDL/claus_playground/claus_playground.srcs/constrs_1/new/basys3_master.xdc:31]
Resolution: If [get_<value>] was used to populate the object, check to make sure this command returns at least one valid object.
WARNING: [Vivado 12-584] No ports matched 'sw[10]'. [C:/Users/claus/source/semesterprojekt/VHDL/claus_playground/claus_playground.srcs/constrs_1/new/basys3_master.xdc:32]
CRITICAL WARNING: [Common 17-55] 'set_property' expects at least one object. [C:/Users/claus/source/semesterprojekt/VHDL/claus_playground/claus_playground.srcs/constrs_1/new/basys3_master.xdc:32]
Resolution: If [get_<value>] was used to populate the object, check to make sure this command returns at least one valid object.
WARNING: [Vivado 12-584] No ports matched 'sw[10]'. [C:/Users/claus/source/semesterprojekt/VHDL/claus_playground/claus_playground.srcs/constrs_1/new/basys3_master.xdc:33]
CRITICAL WARNING: [Common 17-55] 'set_property' expects at least one object. [C:/Users/claus/source/semesterprojekt/VHDL/claus_playground/claus_playground.srcs/constrs_1/new/basys3_master.xdc:33]
Resolution: If [get_<value>] was used to populate the object, check to make sure this command returns at least one valid object.
WARNING: [Vivado 12-584] No ports matched 'sw[11]'. [C:/Users/claus/source/semesterprojekt/VHDL/claus_playground/claus_playground.srcs/constrs_1/new/basys3_master.xdc:34]
CRITICAL WARNING: [Common 17-55] 'set_property' expects at least one object. [C:/Users/claus/source/semesterprojekt/VHDL/claus_playground/claus_playground.srcs/constrs_1/new/basys3_master.xdc:34]
Resolution: If [get_<value>] was used to populate the object, check to make sure this command returns at least one valid object.
WARNING: [Vivado 12-584] No ports matched 'sw[11]'. [C:/Users/claus/source/semesterprojekt/VHDL/claus_playground/claus_playground.srcs/constrs_1/new/basys3_master.xdc:35]
CRITICAL WARNING: [Common 17-55] 'set_property' expects at least one object. [C:/Users/claus/source/semesterprojekt/VHDL/claus_playground/claus_playground.srcs/constrs_1/new/basys3_master.xdc:35]
Resolution: If [get_<value>] was used to populate the object, check to make sure this command returns at least one valid object.
WARNING: [Vivado 12-584] No ports matched 'sw[12]'. [C:/Users/claus/source/semesterprojekt/VHDL/claus_playground/claus_playground.srcs/constrs_1/new/basys3_master.xdc:36]
CRITICAL WARNING: [Common 17-55] 'set_property' expects at least one object. [C:/Users/claus/source/semesterprojekt/VHDL/claus_playground/claus_playground.srcs/constrs_1/new/basys3_master.xdc:36]
Resolution: If [get_<value>] was used to populate the object, check to make sure this command returns at least one valid object.
WARNING: [Vivado 12-584] No ports matched 'sw[12]'. [C:/Users/claus/source/semesterprojekt/VHDL/claus_playground/claus_playground.srcs/constrs_1/new/basys3_master.xdc:37]
CRITICAL WARNING: [Common 17-55] 'set_property' expects at least one object. [C:/Users/claus/source/semesterprojekt/VHDL/claus_playground/claus_playground.srcs/constrs_1/new/basys3_master.xdc:37]
Resolution: If [get_<value>] was used to populate the object, check to make sure this command returns at least one valid object.
WARNING: [Vivado 12-584] No ports matched 'sw[13]'. [C:/Users/claus/source/semesterprojekt/VHDL/claus_playground/claus_playground.srcs/constrs_1/new/basys3_master.xdc:38]
CRITICAL WARNING: [Common 17-55] 'set_property' expects at least one object. [C:/Users/claus/source/semesterprojekt/VHDL/claus_playground/claus_playground.srcs/constrs_1/new/basys3_master.xdc:38]
Resolution: If [get_<value>] was used to populate the object, check to make sure this command returns at least one valid object.
WARNING: [Vivado 12-584] No ports matched 'sw[13]'. [C:/Users/claus/source/semesterprojekt/VHDL/claus_playground/claus_playground.srcs/constrs_1/new/basys3_master.xdc:39]
CRITICAL WARNING: [Common 17-55] 'set_property' expects at least one object. [C:/Users/claus/source/semesterprojekt/VHDL/claus_playground/claus_playground.srcs/constrs_1/new/basys3_master.xdc:39]
Resolution: If [get_<value>] was used to populate the object, check to make sure this command returns at least one valid object.
WARNING: [Vivado 12-584] No ports matched 'sw[14]'. [C:/Users/claus/source/semesterprojekt/VHDL/claus_playground/claus_playground.srcs/constrs_1/new/basys3_master.xdc:40]
CRITICAL WARNING: [Common 17-55] 'set_property' expects at least one object. [C:/Users/claus/source/semesterprojekt/VHDL/claus_playground/claus_playground.srcs/constrs_1/new/basys3_master.xdc:40]
Resolution: If [get_<value>] was used to populate the object, check to make sure this command returns at least one valid object.
WARNING: [Vivado 12-584] No ports matched 'sw[14]'. [C:/Users/claus/source/semesterprojekt/VHDL/claus_playground/claus_playground.srcs/constrs_1/new/basys3_master.xdc:41]
CRITICAL WARNING: [Common 17-55] 'set_property' expects at least one object. [C:/Users/claus/source/semesterprojekt/VHDL/claus_playground/claus_playground.srcs/constrs_1/new/basys3_master.xdc:41]
Resolution: If [get_<value>] was used to populate the object, check to make sure this command returns at least one valid object.
WARNING: [Vivado 12-584] No ports matched 'sw[15]'. [C:/Users/claus/source/semesterprojekt/VHDL/claus_playground/claus_playground.srcs/constrs_1/new/basys3_master.xdc:42]
CRITICAL WARNING: [Common 17-55] 'set_property' expects at least one object. [C:/Users/claus/source/semesterprojekt/VHDL/claus_playground/claus_playground.srcs/constrs_1/new/basys3_master.xdc:42]
Resolution: If [get_<value>] was used to populate the object, check to make sure this command returns at least one valid object.
WARNING: [Vivado 12-584] No ports matched 'sw[15]'. [C:/Users/claus/source/semesterprojekt/VHDL/claus_playground/claus_playground.srcs/constrs_1/new/basys3_master.xdc:43]
CRITICAL WARNING: [Common 17-55] 'set_property' expects at least one object. [C:/Users/claus/source/semesterprojekt/VHDL/claus_playground/claus_playground.srcs/constrs_1/new/basys3_master.xdc:43]
Resolution: If [get_<value>] was used to populate the object, check to make sure this command returns at least one valid object.
WARNING: [Vivado 12-584] No ports matched 'seg[0]'. [C:/Users/claus/source/semesterprojekt/VHDL/claus_playground/claus_playground.srcs/constrs_1/new/basys3_master.xdc:82]
CRITICAL WARNING: [Common 17-55] 'set_property' expects at least one object. [C:/Users/claus/source/semesterprojekt/VHDL/claus_playground/claus_playground.srcs/constrs_1/new/basys3_master.xdc:82]
Resolution: If [get_<value>] was used to populate the object, check to make sure this command returns at least one valid object.
WARNING: [Vivado 12-584] No ports matched 'seg[0]'. [C:/Users/claus/source/semesterprojekt/VHDL/claus_playground/claus_playground.srcs/constrs_1/new/basys3_master.xdc:83]
CRITICAL WARNING: [Common 17-55] 'set_property' expects at least one object. [C:/Users/claus/source/semesterprojekt/VHDL/claus_playground/claus_playground.srcs/constrs_1/new/basys3_master.xdc:83]
Resolution: If [get_<value>] was used to populate the object, check to make sure this command returns at least one valid object.
WARNING: [Vivado 12-584] No ports matched 'seg[1]'. [C:/Users/claus/source/semesterprojekt/VHDL/claus_playground/claus_playground.srcs/constrs_1/new/basys3_master.xdc:84]
CRITICAL WARNING: [Common 17-55] 'set_property' expects at least one object. [C:/Users/claus/source/semesterprojekt/VHDL/claus_playground/claus_playground.srcs/constrs_1/new/basys3_master.xdc:84]
Resolution: If [get_<value>] was used to populate the object, check to make sure this command returns at least one valid object.
WARNING: [Vivado 12-584] No ports matched 'seg[1]'. [C:/Users/claus/source/semesterprojekt/VHDL/claus_playground/claus_playground.srcs/constrs_1/new/basys3_master.xdc:85]
CRITICAL WARNING: [Common 17-55] 'set_property' expects at least one object. [C:/Users/claus/source/semesterprojekt/VHDL/claus_playground/claus_playground.srcs/constrs_1/new/basys3_master.xdc:85]
Resolution: If [get_<value>] was used to populate the object, check to make sure this command returns at least one valid object.
WARNING: [Vivado 12-584] No ports matched 'seg[2]'. [C:/Users/claus/source/semesterprojekt/VHDL/claus_playground/claus_playground.srcs/constrs_1/new/basys3_master.xdc:86]
CRITICAL WARNING: [Common 17-55] 'set_property' expects at least one object. [C:/Users/claus/source/semesterprojekt/VHDL/claus_playground/claus_playground.srcs/constrs_1/new/basys3_master.xdc:86]
Resolution: If [get_<value>] was used to populate the object, check to make sure this command returns at least one valid object.
WARNING: [Vivado 12-584] No ports matched 'seg[2]'. [C:/Users/claus/source/semesterprojekt/VHDL/claus_playground/claus_playground.srcs/constrs_1/new/basys3_master.xdc:87]
CRITICAL WARNING: [Common 17-55] 'set_property' expects at least one object. [C:/Users/claus/source/semesterprojekt/VHDL/claus_playground/claus_playground.srcs/constrs_1/new/basys3_master.xdc:87]
Resolution: If [get_<value>] was used to populate the object, check to make sure this command returns at least one valid object.
WARNING: [Vivado 12-584] No ports matched 'seg[3]'. [C:/Users/claus/source/semesterprojekt/VHDL/claus_playground/claus_playground.srcs/constrs_1/new/basys3_master.xdc:88]
CRITICAL WARNING: [Common 17-55] 'set_property' expects at least one object. [C:/Users/claus/source/semesterprojekt/VHDL/claus_playground/claus_playground.srcs/constrs_1/new/basys3_master.xdc:88]
Resolution: If [get_<value>] was used to populate the object, check to make sure this command returns at least one valid object.
WARNING: [Vivado 12-584] No ports matched 'seg[3]'. [C:/Users/claus/source/semesterprojekt/VHDL/claus_playground/claus_playground.srcs/constrs_1/new/basys3_master.xdc:89]
CRITICAL WARNING: [Common 17-55] 'set_property' expects at least one object. [C:/Users/claus/source/semesterprojekt/VHDL/claus_playground/claus_playground.srcs/constrs_1/new/basys3_master.xdc:89]
Resolution: If [get_<value>] was used to populate the object, check to make sure this command returns at least one valid object.
WARNING: [Vivado 12-584] No ports matched 'seg[4]'. [C:/Users/claus/source/semesterprojekt/VHDL/claus_playground/claus_playground.srcs/constrs_1/new/basys3_master.xdc:90]
CRITICAL WARNING: [Common 17-55] 'set_property' expects at least one object. [C:/Users/claus/source/semesterprojekt/VHDL/claus_playground/claus_playground.srcs/constrs_1/new/basys3_master.xdc:90]
Resolution: If [get_<value>] was used to populate the object, check to make sure this command returns at least one valid object.
WARNING: [Vivado 12-584] No ports matched 'seg[4]'. [C:/Users/claus/source/semesterprojekt/VHDL/claus_playground/claus_playground.srcs/constrs_1/new/basys3_master.xdc:91]
CRITICAL WARNING: [Common 17-55] 'set_property' expects at least one object. [C:/Users/claus/source/semesterprojekt/VHDL/claus_playground/claus_playground.srcs/constrs_1/new/basys3_master.xdc:91]
Resolution: If [get_<value>] was used to populate the object, check to make sure this command returns at least one valid object.
WARNING: [Vivado 12-584] No ports matched 'seg[5]'. [C:/Users/claus/source/semesterprojekt/VHDL/claus_playground/claus_playground.srcs/constrs_1/new/basys3_master.xdc:92]
CRITICAL WARNING: [Common 17-55] 'set_property' expects at least one object. [C:/Users/claus/source/semesterprojekt/VHDL/claus_playground/claus_playground.srcs/constrs_1/new/basys3_master.xdc:92]
Resolution: If [get_<value>] was used to populate the object, check to make sure this command returns at least one valid object.
WARNING: [Vivado 12-584] No ports matched 'seg[5]'. [C:/Users/claus/source/semesterprojekt/VHDL/claus_playground/claus_playground.srcs/constrs_1/new/basys3_master.xdc:93]
CRITICAL WARNING: [Common 17-55] 'set_property' expects at least one object. [C:/Users/claus/source/semesterprojekt/VHDL/claus_playground/claus_playground.srcs/constrs_1/new/basys3_master.xdc:93]
Resolution: If [get_<value>] was used to populate the object, check to make sure this command returns at least one valid object.
WARNING: [Vivado 12-584] No ports matched 'seg[6]'. [C:/Users/claus/source/semesterprojekt/VHDL/claus_playground/claus_playground.srcs/constrs_1/new/basys3_master.xdc:94]
CRITICAL WARNING: [Common 17-55] 'set_property' expects at least one object. [C:/Users/claus/source/semesterprojekt/VHDL/claus_playground/claus_playground.srcs/constrs_1/new/basys3_master.xdc:94]
Resolution: If [get_<value>] was used to populate the object, check to make sure this command returns at least one valid object.
WARNING: [Vivado 12-584] No ports matched 'seg[6]'. [C:/Users/claus/source/semesterprojekt/VHDL/claus_playground/claus_playground.srcs/constrs_1/new/basys3_master.xdc:95]
CRITICAL WARNING: [Common 17-55] 'set_property' expects at least one object. [C:/Users/claus/source/semesterprojekt/VHDL/claus_playground/claus_playground.srcs/constrs_1/new/basys3_master.xdc:95]
Resolution: If [get_<value>] was used to populate the object, check to make sure this command returns at least one valid object.
WARNING: [Vivado 12-584] No ports matched 'dp'. [C:/Users/claus/source/semesterprojekt/VHDL/claus_playground/claus_playground.srcs/constrs_1/new/basys3_master.xdc:97]
CRITICAL WARNING: [Common 17-55] 'set_property' expects at least one object. [C:/Users/claus/source/semesterprojekt/VHDL/claus_playground/claus_playground.srcs/constrs_1/new/basys3_master.xdc:97]
Resolution: If [get_<value>] was used to populate the object, check to make sure this command returns at least one valid object.
WARNING: [Vivado 12-584] No ports matched 'dp'. [C:/Users/claus/source/semesterprojekt/VHDL/claus_playground/claus_playground.srcs/constrs_1/new/basys3_master.xdc:98]
CRITICAL WARNING: [Common 17-55] 'set_property' expects at least one object. [C:/Users/claus/source/semesterprojekt/VHDL/claus_playground/claus_playground.srcs/constrs_1/new/basys3_master.xdc:98]
Resolution: If [get_<value>] was used to populate the object, check to make sure this command returns at least one valid object.
WARNING: [Vivado 12-584] No ports matched 'an[0]'. [C:/Users/claus/source/semesterprojekt/VHDL/claus_playground/claus_playground.srcs/constrs_1/new/basys3_master.xdc:100]
CRITICAL WARNING: [Common 17-55] 'set_property' expects at least one object. [C:/Users/claus/source/semesterprojekt/VHDL/claus_playground/claus_playground.srcs/constrs_1/new/basys3_master.xdc:100]
Resolution: If [get_<value>] was used to populate the object, check to make sure this command returns at least one valid object.
WARNING: [Vivado 12-584] No ports matched 'an[0]'. [C:/Users/claus/source/semesterprojekt/VHDL/claus_playground/claus_playground.srcs/constrs_1/new/basys3_master.xdc:101]
CRITICAL WARNING: [Common 17-55] 'set_property' expects at least one object. [C:/Users/claus/source/semesterprojekt/VHDL/claus_playground/claus_playground.srcs/constrs_1/new/basys3_master.xdc:101]
Resolution: If [get_<value>] was used to populate the object, check to make sure this command returns at least one valid object.
WARNING: [Vivado 12-584] No ports matched 'an[1]'. [C:/Users/claus/source/semesterprojekt/VHDL/claus_playground/claus_playground.srcs/constrs_1/new/basys3_master.xdc:102]
CRITICAL WARNING: [Common 17-55] 'set_property' expects at least one object. [C:/Users/claus/source/semesterprojekt/VHDL/claus_playground/claus_playground.srcs/constrs_1/new/basys3_master.xdc:102]
Resolution: If [get_<value>] was used to populate the object, check to make sure this command returns at least one valid object.
WARNING: [Vivado 12-584] No ports matched 'an[1]'. [C:/Users/claus/source/semesterprojekt/VHDL/claus_playground/claus_playground.srcs/constrs_1/new/basys3_master.xdc:103]
CRITICAL WARNING: [Common 17-55] 'set_property' expects at least one object. [C:/Users/claus/source/semesterprojekt/VHDL/claus_playground/claus_playground.srcs/constrs_1/new/basys3_master.xdc:103]
Resolution: If [get_<value>] was used to populate the object, check to make sure this command returns at least one valid object.
WARNING: [Vivado 12-584] No ports matched 'an[2]'. [C:/Users/claus/source/semesterprojekt/VHDL/claus_playground/claus_playground.srcs/constrs_1/new/basys3_master.xdc:104]
CRITICAL WARNING: [Common 17-55] 'set_property' expects at least one object. [C:/Users/claus/source/semesterprojekt/VHDL/claus_playground/claus_playground.srcs/constrs_1/new/basys3_master.xdc:104]
Resolution: If [get_<value>] was used to populate the object, check to make sure this command returns at least one valid object.
WARNING: [Vivado 12-584] No ports matched 'an[2]'. [C:/Users/claus/source/semesterprojekt/VHDL/claus_playground/claus_playground.srcs/constrs_1/new/basys3_master.xdc:105]
CRITICAL WARNING: [Common 17-55] 'set_property' expects at least one object. [C:/Users/claus/source/semesterprojekt/VHDL/claus_playground/claus_playground.srcs/constrs_1/new/basys3_master.xdc:105]
Resolution: If [get_<value>] was used to populate the object, check to make sure this command returns at least one valid object.
WARNING: [Vivado 12-584] No ports matched 'an[3]'. [C:/Users/claus/source/semesterprojekt/VHDL/claus_playground/claus_playground.srcs/constrs_1/new/basys3_master.xdc:106]
CRITICAL WARNING: [Common 17-55] 'set_property' expects at least one object. [C:/Users/claus/source/semesterprojekt/VHDL/claus_playground/claus_playground.srcs/constrs_1/new/basys3_master.xdc:106]
Resolution: If [get_<value>] was used to populate the object, check to make sure this command returns at least one valid object.
WARNING: [Vivado 12-584] No ports matched 'an[3]'. [C:/Users/claus/source/semesterprojekt/VHDL/claus_playground/claus_playground.srcs/constrs_1/new/basys3_master.xdc:107]
CRITICAL WARNING: [Common 17-55] 'set_property' expects at least one object. [C:/Users/claus/source/semesterprojekt/VHDL/claus_playground/claus_playground.srcs/constrs_1/new/basys3_master.xdc:107]
Resolution: If [get_<value>] was used to populate the object, check to make sure this command returns at least one valid object.
WARNING: [Vivado 12-584] No ports matched 'btnU'. [C:/Users/claus/source/semesterprojekt/VHDL/claus_playground/claus_playground.srcs/constrs_1/new/basys3_master.xdc:113]
CRITICAL WARNING: [Common 17-55] 'set_property' expects at least one object. [C:/Users/claus/source/semesterprojekt/VHDL/claus_playground/claus_playground.srcs/constrs_1/new/basys3_master.xdc:113]
Resolution: If [get_<value>] was used to populate the object, check to make sure this command returns at least one valid object.
WARNING: [Vivado 12-584] No ports matched 'btnU'. [C:/Users/claus/source/semesterprojekt/VHDL/claus_playground/claus_playground.srcs/constrs_1/new/basys3_master.xdc:114]
CRITICAL WARNING: [Common 17-55] 'set_property' expects at least one object. [C:/Users/claus/source/semesterprojekt/VHDL/claus_playground/claus_playground.srcs/constrs_1/new/basys3_master.xdc:114]
Resolution: If [get_<value>] was used to populate the object, check to make sure this command returns at least one valid object.
WARNING: [Vivado 12-584] No ports matched 'btnL'. [C:/Users/claus/source/semesterprojekt/VHDL/claus_playground/claus_playground.srcs/constrs_1/new/basys3_master.xdc:115]
CRITICAL WARNING: [Common 17-55] 'set_property' expects at least one object. [C:/Users/claus/source/semesterprojekt/VHDL/claus_playground/claus_playground.srcs/constrs_1/new/basys3_master.xdc:115]
Resolution: If [get_<value>] was used to populate the object, check to make sure this command returns at least one valid object.
WARNING: [Vivado 12-584] No ports matched 'btnL'. [C:/Users/claus/source/semesterprojekt/VHDL/claus_playground/claus_playground.srcs/constrs_1/new/basys3_master.xdc:116]
CRITICAL WARNING: [Common 17-55] 'set_property' expects at least one object. [C:/Users/claus/source/semesterprojekt/VHDL/claus_playground/claus_playground.srcs/constrs_1/new/basys3_master.xdc:116]
Resolution: If [get_<value>] was used to populate the object, check to make sure this command returns at least one valid object.
WARNING: [Vivado 12-584] No ports matched 'btnR'. [C:/Users/claus/source/semesterprojekt/VHDL/claus_playground/claus_playground.srcs/constrs_1/new/basys3_master.xdc:117]
CRITICAL WARNING: [Common 17-55] 'set_property' expects at least one object. [C:/Users/claus/source/semesterprojekt/VHDL/claus_playground/claus_playground.srcs/constrs_1/new/basys3_master.xdc:117]
Resolution: If [get_<value>] was used to populate the object, check to make sure this command returns at least one valid object.
WARNING: [Vivado 12-584] No ports matched 'btnR'. [C:/Users/claus/source/semesterprojekt/VHDL/claus_playground/claus_playground.srcs/constrs_1/new/basys3_master.xdc:118]
CRITICAL WARNING: [Common 17-55] 'set_property' expects at least one object. [C:/Users/claus/source/semesterprojekt/VHDL/claus_playground/claus_playground.srcs/constrs_1/new/basys3_master.xdc:118]
Resolution: If [get_<value>] was used to populate the object, check to make sure this command returns at least one valid object.
WARNING: [Vivado 12-584] No ports matched 'btnD'. [C:/Users/claus/source/semesterprojekt/VHDL/claus_playground/claus_playground.srcs/constrs_1/new/basys3_master.xdc:119]
CRITICAL WARNING: [Common 17-55] 'set_property' expects at least one object. [C:/Users/claus/source/semesterprojekt/VHDL/claus_playground/claus_playground.srcs/constrs_1/new/basys3_master.xdc:119]
Resolution: If [get_<value>] was used to populate the object, check to make sure this command returns at least one valid object.
WARNING: [Vivado 12-584] No ports matched 'btnD'. [C:/Users/claus/source/semesterprojekt/VHDL/claus_playground/claus_playground.srcs/constrs_1/new/basys3_master.xdc:120]
CRITICAL WARNING: [Common 17-55] 'set_property' expects at least one object. [C:/Users/claus/source/semesterprojekt/VHDL/claus_playground/claus_playground.srcs/constrs_1/new/basys3_master.xdc:120]
Resolution: If [get_<value>] was used to populate the object, check to make sure this command returns at least one valid object.
WARNING: [Vivado 12-584] No ports matched 'JA[4]'. [C:/Users/claus/source/semesterprojekt/VHDL/claus_playground/claus_playground.srcs/constrs_1/new/basys3_master.xdc:133]
CRITICAL WARNING: [Common 17-55] 'set_property' expects at least one object. [C:/Users/claus/source/semesterprojekt/VHDL/claus_playground/claus_playground.srcs/constrs_1/new/basys3_master.xdc:133]
Resolution: If [get_<value>] was used to populate the object, check to make sure this command returns at least one valid object.
WARNING: [Vivado 12-584] No ports matched 'JA[5]'. [C:/Users/claus/source/semesterprojekt/VHDL/claus_playground/claus_playground.srcs/constrs_1/new/basys3_master.xdc:135]
CRITICAL WARNING: [Common 17-55] 'set_property' expects at least one object. [C:/Users/claus/source/semesterprojekt/VHDL/claus_playground/claus_playground.srcs/constrs_1/new/basys3_master.xdc:135]
Resolution: If [get_<value>] was used to populate the object, check to make sure this command returns at least one valid object.
WARNING: [Vivado 12-584] No ports matched 'JA[6]'. [C:/Users/claus/source/semesterprojekt/VHDL/claus_playground/claus_playground.srcs/constrs_1/new/basys3_master.xdc:137]
CRITICAL WARNING: [Common 17-55] 'set_property' expects at least one object. [C:/Users/claus/source/semesterprojekt/VHDL/claus_playground/claus_playground.srcs/constrs_1/new/basys3_master.xdc:137]
Resolution: If [get_<value>] was used to populate the object, check to make sure this command returns at least one valid object.
WARNING: [Vivado 12-584] No ports matched 'JA[7]'. [C:/Users/claus/source/semesterprojekt/VHDL/claus_playground/claus_playground.srcs/constrs_1/new/basys3_master.xdc:139]
CRITICAL WARNING: [Common 17-55] 'set_property' expects at least one object. [C:/Users/claus/source/semesterprojekt/VHDL/claus_playground/claus_playground.srcs/constrs_1/new/basys3_master.xdc:139]
Resolution: If [get_<value>] was used to populate the object, check to make sure this command returns at least one valid object.
WARNING: [Vivado 12-584] No ports matched 'JB[0]'. [C:/Users/claus/source/semesterprojekt/VHDL/claus_playground/claus_playground.srcs/constrs_1/new/basys3_master.xdc:143]
CRITICAL WARNING: [Common 17-55] 'set_property' expects at least one object. [C:/Users/claus/source/semesterprojekt/VHDL/claus_playground/claus_playground.srcs/constrs_1/new/basys3_master.xdc:143]
Resolution: If [get_<value>] was used to populate the object, check to make sure this command returns at least one valid object.
WARNING: [Vivado 12-584] No ports matched 'JB[0]'. [C:/Users/claus/source/semesterprojekt/VHDL/claus_playground/claus_playground.srcs/constrs_1/new/basys3_master.xdc:144]
CRITICAL WARNING: [Common 17-55] 'set_property' expects at least one object. [C:/Users/claus/source/semesterprojekt/VHDL/claus_playground/claus_playground.srcs/constrs_1/new/basys3_master.xdc:144]
Resolution: If [get_<value>] was used to populate the object, check to make sure this command returns at least one valid object.
WARNING: [Vivado 12-584] No ports matched 'JB[1]'. [C:/Users/claus/source/semesterprojekt/VHDL/claus_playground/claus_playground.srcs/constrs_1/new/basys3_master.xdc:146]
CRITICAL WARNING: [Common 17-55] 'set_property' expects at least one object. [C:/Users/claus/source/semesterprojekt/VHDL/claus_playground/claus_playground.srcs/constrs_1/new/basys3_master.xdc:146]
Resolution: If [get_<value>] was used to populate the object, check to make sure this command returns at least one valid object.
WARNING: [Vivado 12-584] No ports matched 'JB[1]'. [C:/Users/claus/source/semesterprojekt/VHDL/claus_playground/claus_playground.srcs/constrs_1/new/basys3_master.xdc:147]
CRITICAL WARNING: [Common 17-55] 'set_property' expects at least one object. [C:/Users/claus/source/semesterprojekt/VHDL/claus_playground/claus_playground.srcs/constrs_1/new/basys3_master.xdc:147]
Resolution: If [get_<value>] was used to populate the object, check to make sure this command returns at least one valid object.
WARNING: [Vivado 12-584] No ports matched 'JB[2]'. [C:/Users/claus/source/semesterprojekt/VHDL/claus_playground/claus_playground.srcs/constrs_1/new/basys3_master.xdc:149]
CRITICAL WARNING: [Common 17-55] 'set_property' expects at least one object. [C:/Users/claus/source/semesterprojekt/VHDL/claus_playground/claus_playground.srcs/constrs_1/new/basys3_master.xdc:149]
Resolution: If [get_<value>] was used to populate the object, check to make sure this command returns at least one valid object.
WARNING: [Vivado 12-584] No ports matched 'JB[2]'. [C:/Users/claus/source/semesterprojekt/VHDL/claus_playground/claus_playground.srcs/constrs_1/new/basys3_master.xdc:150]
CRITICAL WARNING: [Common 17-55] 'set_property' expects at least one object. [C:/Users/claus/source/semesterprojekt/VHDL/claus_playground/claus_playground.srcs/constrs_1/new/basys3_master.xdc:150]
Resolution: If [get_<value>] was used to populate the object, check to make sure this command returns at least one valid object.
WARNING: [Vivado 12-584] No ports matched 'JB[3]'. [C:/Users/claus/source/semesterprojekt/VHDL/claus_playground/claus_playground.srcs/constrs_1/new/basys3_master.xdc:152]
CRITICAL WARNING: [Common 17-55] 'set_property' expects at least one object. [C:/Users/claus/source/semesterprojekt/VHDL/claus_playground/claus_playground.srcs/constrs_1/new/basys3_master.xdc:152]
Resolution: If [get_<value>] was used to populate the object, check to make sure this command returns at least one valid object.
WARNING: [Vivado 12-584] No ports matched 'JB[3]'. [C:/Users/claus/source/semesterprojekt/VHDL/claus_playground/claus_playground.srcs/constrs_1/new/basys3_master.xdc:153]
CRITICAL WARNING: [Common 17-55] 'set_property' expects at least one object. [C:/Users/claus/source/semesterprojekt/VHDL/claus_playground/claus_playground.srcs/constrs_1/new/basys3_master.xdc:153]
Resolution: If [get_<value>] was used to populate the object, check to make sure this command returns at least one valid object.
WARNING: [Vivado 12-584] No ports matched 'JB[4]'. [C:/Users/claus/source/semesterprojekt/VHDL/claus_playground/claus_playground.srcs/constrs_1/new/basys3_master.xdc:155]
CRITICAL WARNING: [Common 17-55] 'set_property' expects at least one object. [C:/Users/claus/source/semesterprojekt/VHDL/claus_playground/claus_playground.srcs/constrs_1/new/basys3_master.xdc:155]
Resolution: If [get_<value>] was used to populate the object, check to make sure this command returns at least one valid object.
WARNING: [Vivado 12-584] No ports matched 'JB[4]'. [C:/Users/claus/source/semesterprojekt/VHDL/claus_playground/claus_playground.srcs/constrs_1/new/basys3_master.xdc:156]
CRITICAL WARNING: [Common 17-55] 'set_property' expects at least one object. [C:/Users/claus/source/semesterprojekt/VHDL/claus_playground/claus_playground.srcs/constrs_1/new/basys3_master.xdc:156]
Resolution: If [get_<value>] was used to populate the object, check to make sure this command returns at least one valid object.
WARNING: [Vivado 12-584] No ports matched 'JB[5]'. [C:/Users/claus/source/semesterprojekt/VHDL/claus_playground/claus_playground.srcs/constrs_1/new/basys3_master.xdc:158]
CRITICAL WARNING: [Common 17-55] 'set_property' expects at least one object. [C:/Users/claus/source/semesterprojekt/VHDL/claus_playground/claus_playground.srcs/constrs_1/new/basys3_master.xdc:158]
Resolution: If [get_<value>] was used to populate the object, check to make sure this command returns at least one valid object.
WARNING: [Vivado 12-584] No ports matched 'JB[5]'. [C:/Users/claus/source/semesterprojekt/VHDL/claus_playground/claus_playground.srcs/constrs_1/new/basys3_master.xdc:159]
CRITICAL WARNING: [Common 17-55] 'set_property' expects at least one object. [C:/Users/claus/source/semesterprojekt/VHDL/claus_playground/claus_playground.srcs/constrs_1/new/basys3_master.xdc:159]
Resolution: If [get_<value>] was used to populate the object, check to make sure this command returns at least one valid object.
WARNING: [Vivado 12-584] No ports matched 'JB[6]'. [C:/Users/claus/source/semesterprojekt/VHDL/claus_playground/claus_playground.srcs/constrs_1/new/basys3_master.xdc:161]
CRITICAL WARNING: [Common 17-55] 'set_property' expects at least one object. [C:/Users/claus/source/semesterprojekt/VHDL/claus_playground/claus_playground.srcs/constrs_1/new/basys3_master.xdc:161]
Resolution: If [get_<value>] was used to populate the object, check to make sure this command returns at least one valid object.
WARNING: [Vivado 12-584] No ports matched 'JB[6]'. [C:/Users/claus/source/semesterprojekt/VHDL/claus_playground/claus_playground.srcs/constrs_1/new/basys3_master.xdc:162]
CRITICAL WARNING: [Common 17-55] 'set_property' expects at least one object. [C:/Users/claus/source/semesterprojekt/VHDL/claus_playground/claus_playground.srcs/constrs_1/new/basys3_master.xdc:162]
Resolution: If [get_<value>] was used to populate the object, check to make sure this command returns at least one valid object.
WARNING: [Vivado 12-584] No ports matched 'JB[7]'. [C:/Users/claus/source/semesterprojekt/VHDL/claus_playground/claus_playground.srcs/constrs_1/new/basys3_master.xdc:164]
CRITICAL WARNING: [Common 17-55] 'set_property' expects at least one object. [C:/Users/claus/source/semesterprojekt/VHDL/claus_playground/claus_playground.srcs/constrs_1/new/basys3_master.xdc:164]
Resolution: If [get_<value>] was used to populate the object, check to make sure this command returns at least one valid object.
WARNING: [Vivado 12-584] No ports matched 'JB[7]'. [C:/Users/claus/source/semesterprojekt/VHDL/claus_playground/claus_playground.srcs/constrs_1/new/basys3_master.xdc:165]
CRITICAL WARNING: [Common 17-55] 'set_property' expects at least one object. [C:/Users/claus/source/semesterprojekt/VHDL/claus_playground/claus_playground.srcs/constrs_1/new/basys3_master.xdc:165]
Resolution: If [get_<value>] was used to populate the object, check to make sure this command returns at least one valid object.
WARNING: [Vivado 12-584] No ports matched 'JC[0]'. [C:/Users/claus/source/semesterprojekt/VHDL/claus_playground/claus_playground.srcs/constrs_1/new/basys3_master.xdc:171]
CRITICAL WARNING: [Common 17-55] 'set_property' expects at least one object. [C:/Users/claus/source/semesterprojekt/VHDL/claus_playground/claus_playground.srcs/constrs_1/new/basys3_master.xdc:171]
Resolution: If [get_<value>] was used to populate the object, check to make sure this command returns at least one valid object.
WARNING: [Vivado 12-584] No ports matched 'JC[0]'. [C:/Users/claus/source/semesterprojekt/VHDL/claus_playground/claus_playground.srcs/constrs_1/new/basys3_master.xdc:172]
CRITICAL WARNING: [Common 17-55] 'set_property' expects at least one object. [C:/Users/claus/source/semesterprojekt/VHDL/claus_playground/claus_playground.srcs/constrs_1/new/basys3_master.xdc:172]
Resolution: If [get_<value>] was used to populate the object, check to make sure this command returns at least one valid object.
WARNING: [Vivado 12-584] No ports matched 'JC[1]'. [C:/Users/claus/source/semesterprojekt/VHDL/claus_playground/claus_playground.srcs/constrs_1/new/basys3_master.xdc:174]
CRITICAL WARNING: [Common 17-55] 'set_property' expects at least one object. [C:/Users/claus/source/semesterprojekt/VHDL/claus_playground/claus_playground.srcs/constrs_1/new/basys3_master.xdc:174]
Resolution: If [get_<value>] was used to populate the object, check to make sure this command returns at least one valid object.
WARNING: [Vivado 12-584] No ports matched 'JC[1]'. [C:/Users/claus/source/semesterprojekt/VHDL/claus_playground/claus_playground.srcs/constrs_1/new/basys3_master.xdc:175]
CRITICAL WARNING: [Common 17-55] 'set_property' expects at least one object. [C:/Users/claus/source/semesterprojekt/VHDL/claus_playground/claus_playground.srcs/constrs_1/new/basys3_master.xdc:175]
Resolution: If [get_<value>] was used to populate the object, check to make sure this command returns at least one valid object.
WARNING: [Vivado 12-584] No ports matched 'JC[2]'. [C:/Users/claus/source/semesterprojekt/VHDL/claus_playground/claus_playground.srcs/constrs_1/new/basys3_master.xdc:177]
CRITICAL WARNING: [Common 17-55] 'set_property' expects at least one object. [C:/Users/claus/source/semesterprojekt/VHDL/claus_playground/claus_playground.srcs/constrs_1/new/basys3_master.xdc:177]
Resolution: If [get_<value>] was used to populate the object, check to make sure this command returns at least one valid object.
WARNING: [Vivado 12-584] No ports matched 'JC[2]'. [C:/Users/claus/source/semesterprojekt/VHDL/claus_playground/claus_playground.srcs/constrs_1/new/basys3_master.xdc:178]
CRITICAL WARNING: [Common 17-55] 'set_property' expects at least one object. [C:/Users/claus/source/semesterprojekt/VHDL/claus_playground/claus_playground.srcs/constrs_1/new/basys3_master.xdc:178]
Resolution: If [get_<value>] was used to populate the object, check to make sure this command returns at least one valid object.
WARNING: [Vivado 12-584] No ports matched 'JC[3]'. [C:/Users/claus/source/semesterprojekt/VHDL/claus_playground/claus_playground.srcs/constrs_1/new/basys3_master.xdc:180]
CRITICAL WARNING: [Common 17-55] 'set_property' expects at least one object. [C:/Users/claus/source/semesterprojekt/VHDL/claus_playground/claus_playground.srcs/constrs_1/new/basys3_master.xdc:180]
Resolution: If [get_<value>] was used to populate the object, check to make sure this command returns at least one valid object.
WARNING: [Vivado 12-584] No ports matched 'JC[3]'. [C:/Users/claus/source/semesterprojekt/VHDL/claus_playground/claus_playground.srcs/constrs_1/new/basys3_master.xdc:181]
CRITICAL WARNING: [Common 17-55] 'set_property' expects at least one object. [C:/Users/claus/source/semesterprojekt/VHDL/claus_playground/claus_playground.srcs/constrs_1/new/basys3_master.xdc:181]
Resolution: If [get_<value>] was used to populate the object, check to make sure this command returns at least one valid object.
WARNING: [Vivado 12-584] No ports matched 'JC[4]'. [C:/Users/claus/source/semesterprojekt/VHDL/claus_playground/claus_playground.srcs/constrs_1/new/basys3_master.xdc:183]
CRITICAL WARNING: [Common 17-55] 'set_property' expects at least one object. [C:/Users/claus/source/semesterprojekt/VHDL/claus_playground/claus_playground.srcs/constrs_1/new/basys3_master.xdc:183]
Resolution: If [get_<value>] was used to populate the object, check to make sure this command returns at least one valid object.
WARNING: [Vivado 12-584] No ports matched 'JC[4]'. [C:/Users/claus/source/semesterprojekt/VHDL/claus_playground/claus_playground.srcs/constrs_1/new/basys3_master.xdc:184]
CRITICAL WARNING: [Common 17-55] 'set_property' expects at least one object. [C:/Users/claus/source/semesterprojekt/VHDL/claus_playground/claus_playground.srcs/constrs_1/new/basys3_master.xdc:184]
Resolution: If [get_<value>] was used to populate the object, check to make sure this command returns at least one valid object.
WARNING: [Vivado 12-584] No ports matched 'JC[5]'. [C:/Users/claus/source/semesterprojekt/VHDL/claus_playground/claus_playground.srcs/constrs_1/new/basys3_master.xdc:186]
CRITICAL WARNING: [Common 17-55] 'set_property' expects at least one object. [C:/Users/claus/source/semesterprojekt/VHDL/claus_playground/claus_playground.srcs/constrs_1/new/basys3_master.xdc:186]
Resolution: If [get_<value>] was used to populate the object, check to make sure this command returns at least one valid object.
WARNING: [Vivado 12-584] No ports matched 'JC[5]'. [C:/Users/claus/source/semesterprojekt/VHDL/claus_playground/claus_playground.srcs/constrs_1/new/basys3_master.xdc:187]
CRITICAL WARNING: [Common 17-55] 'set_property' expects at least one object. [C:/Users/claus/source/semesterprojekt/VHDL/claus_playground/claus_playground.srcs/constrs_1/new/basys3_master.xdc:187]
Resolution: If [get_<value>] was used to populate the object, check to make sure this command returns at least one valid object.
WARNING: [Vivado 12-584] No ports matched 'JC[6]'. [C:/Users/claus/source/semesterprojekt/VHDL/claus_playground/claus_playground.srcs/constrs_1/new/basys3_master.xdc:189]
CRITICAL WARNING: [Common 17-55] 'set_property' expects at least one object. [C:/Users/claus/source/semesterprojekt/VHDL/claus_playground/claus_playground.srcs/constrs_1/new/basys3_master.xdc:189]
Resolution: If [get_<value>] was used to populate the object, check to make sure this command returns at least one valid object.
WARNING: [Vivado 12-584] No ports matched 'JC[6]'. [C:/Users/claus/source/semesterprojekt/VHDL/claus_playground/claus_playground.srcs/constrs_1/new/basys3_master.xdc:190]
CRITICAL WARNING: [Common 17-55] 'set_property' expects at least one object. [C:/Users/claus/source/semesterprojekt/VHDL/claus_playground/claus_playground.srcs/constrs_1/new/basys3_master.xdc:190]
Resolution: If [get_<value>] was used to populate the object, check to make sure this command returns at least one valid object.
WARNING: [Vivado 12-584] No ports matched 'JC[7]'. [C:/Users/claus/source/semesterprojekt/VHDL/claus_playground/claus_playground.srcs/constrs_1/new/basys3_master.xdc:192]
CRITICAL WARNING: [Common 17-55] 'set_property' expects at least one object. [C:/Users/claus/source/semesterprojekt/VHDL/claus_playground/claus_playground.srcs/constrs_1/new/basys3_master.xdc:192]
Resolution: If [get_<value>] was used to populate the object, check to make sure this command returns at least one valid object.
WARNING: [Vivado 12-584] No ports matched 'JC[7]'. [C:/Users/claus/source/semesterprojekt/VHDL/claus_playground/claus_playground.srcs/constrs_1/new/basys3_master.xdc:193]
INFO: [Common 17-14] Message 'Vivado 12-584' appears 100 times and further instances of the messages will be disabled. Use the Tcl command set_msg_config to change the current settings. [C:/Users/claus/source/semesterprojekt/VHDL/claus_playground/claus_playground.srcs/constrs_1/new/basys3_master.xdc:193]
CRITICAL WARNING: [Common 17-55] 'set_property' expects at least one object. [C:/Users/claus/source/semesterprojekt/VHDL/claus_playground/claus_playground.srcs/constrs_1/new/basys3_master.xdc:193]
Resolution: If [get_<value>] was used to populate the object, check to make sure this command returns at least one valid object.
Finished Parsing XDC File [C:/Users/claus/source/semesterprojekt/VHDL/claus_playground/claus_playground.srcs/constrs_1/new/basys3_master.xdc]
INFO: [Project 1-236] Implementation specific constraints were found while reading constraint file [C:/Users/claus/source/semesterprojekt/VHDL/claus_playground/claus_playground.srcs/constrs_1/new/basys3_master.xdc]. These constraints will be ignored for synthesis but will be used in implementation. Impacted constraints are listed in the file [.Xil/component_mapper_propImpl.xdc].
Resolution: To avoid this warning, move constraints listed in [.Xil/component_mapper_propImpl.xdc] to another XDC file and exclude this new file from synthesis with the used_in_synthesis property (File Properties dialog in GUI) and re-run elaboration/synthesis.
Completed Processing XDC Constraints

Netlist sorting complete. Time (s): cpu = 00:00:00 ; elapsed = 00:00:00 . Memory (MB): peak = 997.625 ; gain = 0.000
INFO: [Project 1-111] Unisim Transformation Summary:
No Unisim elements were transformed.

Constraint Validation Runtime : Time (s): cpu = 00:00:00 ; elapsed = 00:00:00.005 . Memory (MB): peak = 997.625 ; gain = 0.000
---------------------------------------------------------------------------------
Finished Constraint Validation : Time (s): cpu = 00:00:15 ; elapsed = 00:00:16 . Memory (MB): peak = 997.625 ; gain = 397.004
---------------------------------------------------------------------------------
---------------------------------------------------------------------------------
Start Loading Part and Timing Information
---------------------------------------------------------------------------------
Loading part: xc7a35tcpg236-1
---------------------------------------------------------------------------------
Finished Loading Part and Timing Information : Time (s): cpu = 00:00:15 ; elapsed = 00:00:16 . Memory (MB): peak = 997.625 ; gain = 397.004
---------------------------------------------------------------------------------
---------------------------------------------------------------------------------
Start Applying 'set_property' XDC Constraints
---------------------------------------------------------------------------------
---------------------------------------------------------------------------------
Finished applying 'set_property' XDC Constraints : Time (s): cpu = 00:00:15 ; elapsed = 00:00:16 . Memory (MB): peak = 997.625 ; gain = 397.004
---------------------------------------------------------------------------------
---------------------------------------------------------------------------------
Finished RTL Optimization Phase 2 : Time (s): cpu = 00:00:15 ; elapsed = 00:00:16 . Memory (MB): peak = 997.625 ; gain = 397.004
---------------------------------------------------------------------------------

Report RTL Partitions: 
+-+--------------+------------+----------+
| |RTL Partition |Replication |Instances |
+-+--------------+------------+----------+
+-+--------------+------------+----------+
---------------------------------------------------------------------------------
Start RTL Component Statistics 
---------------------------------------------------------------------------------
Detailed RTL Component Info : 
+---Adders : 
	   2 Input      4 Bit       Adders := 1     
+---Registers : 
	               16 Bit    Registers := 3     
	                4 Bit    Registers := 1     
	                1 Bit    Registers := 3     
+---Muxes : 
	   2 Input     16 Bit        Muxes := 2     
---------------------------------------------------------------------------------
Finished RTL Component Statistics 
---------------------------------------------------------------------------------
---------------------------------------------------------------------------------
Start RTL Hierarchical Component Statistics 
---------------------------------------------------------------------------------
Hierarchical RTL Component report 
Module SPI 
Detailed RTL Component Info : 
+---Adders : 
	   2 Input      4 Bit       Adders := 1     
+---Registers : 
	               16 Bit    Registers := 3     
	                4 Bit    Registers := 1     
	                1 Bit    Registers := 3     
+---Muxes : 
	   2 Input     16 Bit        Muxes := 2     
---------------------------------------------------------------------------------
Finished RTL Hierarchical Component Statistics
---------------------------------------------------------------------------------
---------------------------------------------------------------------------------
Start Part Resource Summary
---------------------------------------------------------------------------------
Part Resources:
DSPs: 90 (col length:60)
BRAMs: 100 (col length: RAMB18 60 RAMB36 30)
---------------------------------------------------------------------------------
Finished Part Resource Summary
---------------------------------------------------------------------------------
---------------------------------------------------------------------------------
Start Cross Boundary and Area Optimization
---------------------------------------------------------------------------------
Warning: Parallel synthesis criteria is not met 
WARNING: [Synth 8-3331] design component_mapper has unconnected port btnC
INFO: [Synth 8-3886] merging instance 'communication/buf_out_reg[15]' (FDE) to 'communication/buf_out_reg[14]'
INFO: [Synth 8-3886] merging instance 'communication/buf_out_reg[14]' (FDE) to 'communication/buf_out_reg[13]'
INFO: [Synth 8-3886] merging instance 'communication/buf_out_reg[13]' (FDE) to 'communication/buf_out_reg[12]'
INFO: [Synth 8-3886] merging instance 'communication/buf_out_reg[12]' (FDE) to 'communication/buf_out_reg[11]'
INFO: [Synth 8-3886] merging instance 'communication/buf_out_reg[11]' (FDE) to 'communication/buf_out_reg[10]'
INFO: [Synth 8-3886] merging instance 'communication/buf_out_reg[10]' (FDE) to 'communication/buf_out_reg[9]'
INFO: [Synth 8-3886] merging instance 'communication/buf_out_reg[9]' (FDE) to 'communication/buf_out_reg[8]'
INFO: [Synth 8-3886] merging instance 'communication/buf_out_reg[8]' (FDE) to 'communication/buf_out_reg[7]'
INFO: [Synth 8-3886] merging instance 'communication/buf_out_reg[7]' (FDE) to 'communication/buf_out_reg[6]'
INFO: [Synth 8-3886] merging instance 'communication/buf_out_reg[6]' (FDE) to 'communication/buf_out_reg[5]'
INFO: [Synth 8-3886] merging instance 'communication/buf_out_reg[5]' (FDE) to 'communication/buf_out_reg[4]'
INFO: [Synth 8-3886] merging instance 'communication/buf_out_reg[4]' (FDE) to 'communication/buf_out_reg[3]'
INFO: [Synth 8-3886] merging instance 'communication/buf_out_reg[3]' (FDE) to 'communication/buf_out_reg[2]'
INFO: [Synth 8-3886] merging instance 'communication/buf_out_reg[2]' (FDE) to 'communication/buf_out_reg[1]'
INFO: [Synth 8-3886] merging instance 'communication/buf_out_reg[1]' (FDE) to 'communication/buf_out_reg[0]'
INFO: [Synth 8-3333] propagating constant 0 across sequential element (\communication/buf_out_reg[0] )
INFO: [Synth 8-3333] propagating constant 0 across sequential element (\communication/spi_miso_reg )
---------------------------------------------------------------------------------
Finished Cross Boundary and Area Optimization : Time (s): cpu = 00:00:17 ; elapsed = 00:00:18 . Memory (MB): peak = 997.625 ; gain = 397.004
---------------------------------------------------------------------------------

Report RTL Partitions: 
+-+--------------+------------+----------+
| |RTL Partition |Replication |Instances |
+-+--------------+------------+----------+
+-+--------------+------------+----------+
---------------------------------------------------------------------------------
Start Applying XDC Timing Constraints
---------------------------------------------------------------------------------
---------------------------------------------------------------------------------
Finished Applying XDC Timing Constraints : Time (s): cpu = 00:00:25 ; elapsed = 00:00:27 . Memory (MB): peak = 997.625 ; gain = 397.004
---------------------------------------------------------------------------------
---------------------------------------------------------------------------------
Start Timing Optimization
---------------------------------------------------------------------------------
---------------------------------------------------------------------------------
Finished Timing Optimization : Time (s): cpu = 00:00:25 ; elapsed = 00:00:27 . Memory (MB): peak = 997.625 ; gain = 397.004
---------------------------------------------------------------------------------

Report RTL Partitions: 
+-+--------------+------------+----------+
| |RTL Partition |Replication |Instances |
+-+--------------+------------+----------+
+-+--------------+------------+----------+
---------------------------------------------------------------------------------
Start Technology Mapping
---------------------------------------------------------------------------------
---------------------------------------------------------------------------------
Finished Technology Mapping : Time (s): cpu = 00:00:25 ; elapsed = 00:00:27 . Memory (MB): peak = 997.625 ; gain = 397.004
---------------------------------------------------------------------------------

Report RTL Partitions: 
+-+--------------+------------+----------+
| |RTL Partition |Replication |Instances |
+-+--------------+------------+----------+
+-+--------------+------------+----------+
---------------------------------------------------------------------------------
Start IO Insertion
---------------------------------------------------------------------------------
---------------------------------------------------------------------------------
Start Flattening Before IO Insertion
---------------------------------------------------------------------------------
---------------------------------------------------------------------------------
Finished Flattening Before IO Insertion
---------------------------------------------------------------------------------
---------------------------------------------------------------------------------
Start Final Netlist Cleanup
---------------------------------------------------------------------------------
---------------------------------------------------------------------------------
Finished Final Netlist Cleanup
---------------------------------------------------------------------------------
---------------------------------------------------------------------------------
Finished IO Insertion : Time (s): cpu = 00:00:31 ; elapsed = 00:00:32 . Memory (MB): peak = 1008.051 ; gain = 407.430
---------------------------------------------------------------------------------
---------------------------------------------------------------------------------
Start Renaming Generated Instances
---------------------------------------------------------------------------------
---------------------------------------------------------------------------------
Finished Renaming Generated Instances : Time (s): cpu = 00:00:31 ; elapsed = 00:00:32 . Memory (MB): peak = 1008.051 ; gain = 407.430
---------------------------------------------------------------------------------

Report RTL Partitions: 
+-+--------------+------------+----------+
| |RTL Partition |Replication |Instances |
+-+--------------+------------+----------+
+-+--------------+------------+----------+

Report Check Netlist: 
+------+------------------+-------+---------+-------+------------------+
|      |Item              |Errors |Warnings |Status |Description       |
+------+------------------+-------+---------+-------+------------------+
|1     |multi_driven_nets |      0|        0|Passed |Multi driven nets |
+------+------------------+-------+---------+-------+------------------+
---------------------------------------------------------------------------------
Start Rebuilding User Hierarchy
---------------------------------------------------------------------------------
---------------------------------------------------------------------------------
Finished Rebuilding User Hierarchy : Time (s): cpu = 00:00:31 ; elapsed = 00:00:32 . Memory (MB): peak = 1008.051 ; gain = 407.430
---------------------------------------------------------------------------------
---------------------------------------------------------------------------------
Start Renaming Generated Ports
---------------------------------------------------------------------------------
---------------------------------------------------------------------------------
Finished Renaming Generated Ports : Time (s): cpu = 00:00:31 ; elapsed = 00:00:32 . Memory (MB): peak = 1008.051 ; gain = 407.430
---------------------------------------------------------------------------------
---------------------------------------------------------------------------------
Start Handling Custom Attributes
---------------------------------------------------------------------------------
---------------------------------------------------------------------------------
Finished Handling Custom Attributes : Time (s): cpu = 00:00:31 ; elapsed = 00:00:32 . Memory (MB): peak = 1008.051 ; gain = 407.430
---------------------------------------------------------------------------------
---------------------------------------------------------------------------------
Start Renaming Generated Nets
---------------------------------------------------------------------------------
---------------------------------------------------------------------------------
Finished Renaming Generated Nets : Time (s): cpu = 00:00:31 ; elapsed = 00:00:32 . Memory (MB): peak = 1008.051 ; gain = 407.430
---------------------------------------------------------------------------------
---------------------------------------------------------------------------------
Start Writing Synthesis Report
---------------------------------------------------------------------------------

Report BlackBoxes: 
+-+--------------+----------+
| |BlackBox name |Instances |
+-+--------------+----------+
+-+--------------+----------+

Report Cell Usage: 
+------+-----+------+
|      |Cell |Count |
+------+-----+------+
|1     |BUFG |     1|
|2     |LUT1 |     1|
|3     |LUT2 |     2|
|4     |LUT3 |     1|
|5     |LUT4 |     1|
|6     |LUT6 |    16|
|7     |FDRE |    37|
|8     |IBUF |     4|
|9     |OBUF |    17|
+------+-----+------+

Report Instance Areas: 
+------+----------------+-------+------+
|      |Instance        |Module |Cells |
+------+----------------+-------+------+
|1     |top             |       |    80|
|2     |  communication |SPI    |    58|
+------+----------------+-------+------+
---------------------------------------------------------------------------------
Finished Writing Synthesis Report : Time (s): cpu = 00:00:31 ; elapsed = 00:00:32 . Memory (MB): peak = 1008.051 ; gain = 407.430
---------------------------------------------------------------------------------
Synthesis finished with 0 errors, 0 critical warnings and 1 warnings.
Synthesis Optimization Runtime : Time (s): cpu = 00:00:21 ; elapsed = 00:00:30 . Memory (MB): peak = 1008.051 ; gain = 317.844
Synthesis Optimization Complete : Time (s): cpu = 00:00:31 ; elapsed = 00:00:32 . Memory (MB): peak = 1008.051 ; gain = 407.430
INFO: [Project 1-571] Translating synthesized netlist
Netlist sorting complete. Time (s): cpu = 00:00:00 ; elapsed = 00:00:00.001 . Memory (MB): peak = 1008.051 ; gain = 0.000
INFO: [Project 1-570] Preparing netlist for logic optimization
INFO: [Opt 31-138] Pushed 0 inverter(s) to 0 load pin(s).
Netlist sorting complete. Time (s): cpu = 00:00:00 ; elapsed = 00:00:00 . Memory (MB): peak = 1018.551 ; gain = 0.000
INFO: [Project 1-111] Unisim Transformation Summary:
No Unisim elements were transformed.

INFO: [Common 17-83] Releasing license: Synthesis
33 Infos, 102 Warnings, 100 Critical Warnings and 0 Errors encountered.
synth_design completed successfully
synth_design: Time (s): cpu = 00:00:36 ; elapsed = 00:00:40 . Memory (MB): peak = 1018.551 ; gain = 713.176
Netlist sorting complete. Time (s): cpu = 00:00:00 ; elapsed = 00:00:00 . Memory (MB): peak = 1018.551 ; gain = 0.000
WARNING: [Constraints 18-5210] No constraints selected for write.
Resolution: This message can indicate that there are no constraints for the design, or it can indicate that the used_in flags are set such that the constraints are ignored. This later case is used when running synth_design to not write synthesis constraints to the resulting checkpoint. Instead, project constraints are read when the synthesized design is opened.
INFO: [Common 17-1381] The checkpoint 'C:/Users/claus/source/semesterprojekt/VHDL/claus_playground/claus_playground.runs/synth_1/component_mapper.dcp' has been generated.
INFO: [runtcl-4] Executing : report_utilization -file component_mapper_utilization_synth.rpt -pb component_mapper_utilization_synth.pb
INFO: [Common 17-206] Exiting Vivado at Wed Apr  1 19:46:52 2020...
